on_landing
CREATE: (190, 60) <class 'objects.start.start.Start'>

CREATE: (300, 100) <class 'objects.lamp.lamp.Lamp'>
 + + + ADD LAMP + + + [300, 100]
before: []
after: [<objects.lamp.lamp.Lamp object at 0x7f0d1e249a58>]


CREATE: (2000, 100) <class 'objects.lamp.lamp.Lamp'>
 + + + ADD LAMP + + + [2000, 100]
before: [<objects.lamp.lamp.Lamp object at 0x7f0d1e249a58>]
after: [<objects.lamp.lamp.Lamp object at 0x7f0d1e249a58>, <objects.lamp.lamp.Lamp object at 0x7f0d1e249ac8>]
>>>>>>>>>>>> res_map_lamps [{'name': 'Lamp', 'pos': (800, 0)}, {'name': 'Lamp', 'pos': (4000, 0)}]



CREATE: (5000, 80) <class 'objects.finish.finish.Finish'>
start <objects.start.start.Start object at 0x7f0d1e2499e8>
CREATE: (300, 100) <class 'objects.lamp.lamp.Lamp'>
 + + + ADD LAMP + + + [300, 100]
before: [<objects.lamp.lamp.Lamp object at 0x7f0d1e249a58>, <objects.lamp.lamp.Lamp object at 0x7f0d1e249ac8>]
after: [<objects.lamp.lamp.Lamp object at 0x7f0d1e249a58>, <objects.lamp.lamp.Lamp object at 0x7f0d1e249ac8>, <objects.lamp.lamp.Lamp object at 0x7f0d1e249ba8>]



CREATE: (2000, 100) <class 'objects.lamp.lamp.Lamp'>
 + + + ADD LAMP + + + [2000, 100]
before: [<objects.lamp.lamp.Lamp object at 0x7f0d1e249a58>, <objects.lamp.lamp.Lamp object at 0x7f0d1e249ac8>, <objects.lamp.lamp.Lamp object at 0x7f0d1e249ba8>]
after: [<objects.lamp.lamp.Lamp object at 0x7f0d1e249a58>, <objects.lamp.lamp.Lamp object at 0x7f0d1e249ac8>, <objects.lamp.lamp.Lamp object at 0x7f0d1e249ba8>, <objects.lamp.lamp.Lamp object at 0x7f0d1e249c18>]
>>>>>>>>>>>> res_map_lamps [{'name': 'Lamp', 'pos': (800, 0)}, {'name': 'Lamp', 'pos': (4000, 0)}]



CREATE: (300, 100) <class 'objects.lamp.lamp.Lamp'>
 + + + ADD LAMP + + + [300, 100]
before: [<objects.lamp.lamp.Lamp object at 0x7f0d1e249a58>, <objects.lamp.lamp.Lamp object at 0x7f0d1e249ac8>, <objects.lamp.lamp.Lamp object at 0x7f0d1e249ba8>, <objects.lamp.lamp.Lamp object at 0x7f0d1e249c18>]
after: [<objects.lamp.lamp.Lamp object at 0x7f0d1e249a58>, <objects.lamp.lamp.Lamp object at 0x7f0d1e249ac8>, <objects.lamp.lamp.Lamp object at 0x7f0d1e249ba8>, <objects.lamp.lamp.Lamp object at 0x7f0d1e249c18>, <objects.lamp.lamp.Lamp object at 0x7f0d1e249c88>]
CREATE: (2000, 100) <class 'objects.lamp.lamp.Lamp'>
 + + + ADD LAMP + + + [2000, 100]
before: [<objects.lamp.lamp.Lamp object at 0x7f0d1e249a58>, <objects.lamp.lamp.Lamp object at 0x7f0d1e249ac8>, <objects.lamp.lamp.Lamp object at 0x7f0d1e249ba8>, <objects.lamp.lamp.Lamp object at 0x7f0d1e249c18>, <objects.lamp.lamp.Lamp object at 0x7f0d1e249c88>]
after: [<objects.lamp.lamp.Lamp object at 0x7f0d1e249a58>, <objects.lamp.lamp.Lamp object at 0x7f0d1e249ac8>, <objects.lamp.lamp.Lamp object at 0x7f0d1e249ba8>, <objects.lamp.lamp.Lamp object at 0x7f0d1e249c18>, <objects.lamp.lamp.Lamp object at 0x7f0d1e249c88>, <objects.lamp.lamp.Lamp object at 0x7f0d1e249cf8>]
>>>>>>>>>>>> res_map_lamps [{'name': 'Lamp', 'pos': (800, 0)}, {'name': 'Lamp', 'pos': (4000, 0)}]
CREATE: (300, 100) <class 'objects.lamp.lamp.Lamp'>
 + + + ADD LAMP + + + [300, 100]
before: [<objects.lamp.lamp.Lamp object at 0x7f0d1e249a58>, <objects.lamp.lamp.Lamp object at 0x7f0d1e249ac8>, <objects.lamp.lamp.Lamp object at 0x7f0d1e249ba8>, <objects.lamp.lamp.Lamp object at 0x7f0d1e249c18>, <objects.lamp.lamp.Lamp object at 0x7f0d1e249c88>, <objects.lamp.lamp.Lamp object at 0x7f0d1e249cf8>]
after: [<objects.lamp.lamp.Lamp object at 0x7f0d1e249a58>, <objects.lamp.lamp.Lamp object at 0x7f0d1e249ac8>, <objects.lamp.lamp.Lamp object at 0x7f0d1e249ba8>, <objects.lamp.lamp.Lamp object at 0x7f0d1e249c18>, <objects.lamp.lamp.Lamp object at 0x7f0d1e249c88>, <objects.lamp.lamp.Lamp object at 0x7f0d1e249cf8>, <objects.lamp.lamp.Lamp object at 0x7f0d1e249d68>]
CREATE: (2000, 100) <class 'objects.lamp.lamp.Lamp'>
 + + + ADD LAMP + + + [2000, 100]
before: [<objects.lamp.lamp.Lamp object at 0x7f0d1e249a58>, <objects.lamp.lamp.Lamp object at 0x7f0d1e249ac8>, <objects.lamp.lamp.Lamp object at 0x7f0d1e249ba8>, <objects.lamp.lamp.Lamp object at 0x7f0d1e249c18>, <objects.lamp.lamp.Lamp object at 0x7f0d1e249c88>, <objects.lamp.lamp.Lamp object at 0x7f0d1e249cf8>, <objects.lamp.lamp.Lamp object at 0x7f0d1e249d68>]
after: [<objects.lamp.lamp.Lamp object at 0x7f0d1e249a58>, <objects.lamp.lamp.Lamp object at 0x7f0d1e249ac8>, <objects.lamp.lamp.Lamp object at 0x7f0d1e249ba8>, <objects.lamp.lamp.Lamp object at 0x7f0d1e249c18>, <objects.lamp.lamp.Lamp object at 0x7f0d1e249c88>, <objects.lamp.lamp.Lamp object at 0x7f0d1e249cf8>, <objects.lamp.lamp.Lamp object at 0x7f0d1e249d68>, <objects.lamp.lamp.Lamp object at 0x7f0d1e249dd8>]
>>>>>>>>>>>> res_map_lamps [{'name': 'Lamp', 'pos': (800, 0)}, {'name': 'Lamp', 'pos': (4000, 0)}]
CREATE: (300, 100) <class 'objects.lamp.lamp.Lamp'>
 + + + ADD LAMP + + + [300, 100]
before: [<objects.lamp.lamp.Lamp object at 0x7f0d1e249a58>, <objects.lamp.lamp.Lamp object at 0x7f0d1e249ac8>, <objects.lamp.lamp.Lamp object at 0x7f0d1e249ba8>, <objects.lamp.lamp.Lamp object at 0x7f0d1e249c18>, <objects.lamp.lamp.Lamp object at 0x7f0d1e249c88>, <objects.lamp.lamp.Lamp object at 0x7f0d1e249cf8>, <objects.lamp.lamp.Lamp object at 0x7f0d1e249d68>, <objects.lamp.lamp.Lamp object at 0x7f0d1e249dd8>]
after: [<objects.lamp.lamp.Lamp object at 0x7f0d1e249a58>, <objects.lamp.lamp.Lamp object at 0x7f0d1e249ac8>, <objects.lamp.lamp.Lamp object at 0x7f0d1e249ba8>, <objects.lamp.lamp.Lamp object at 0x7f0d1e249c18>, <objects.lamp.lamp.Lamp object at 0x7f0d1e249c88>, <objects.lamp.lamp.Lamp object at 0x7f0d1e249cf8>, <objects.lamp.lamp.Lamp object at 0x7f0d1e249d68>, <objects.lamp.lamp.Lamp object at 0x7f0d1e249dd8>, <objects.lamp.lamp.Lamp object at 0x7f0d1e249e48>]
CREATE: (2000, 100) <class 'objects.lamp.lamp.Lamp'>
 + + + ADD LAMP + + + [2000, 100]
before: [<objects.lamp.lamp.Lamp object at 0x7f0d1e249a58>, <objects.lamp.lamp.Lamp object at 0x7f0d1e249ac8>, <objects.lamp.lamp.Lamp object at 0x7f0d1e249ba8>, <objects.lamp.lamp.Lamp object at 0x7f0d1e249c18>, <objects.lamp.lamp.Lamp object at 0x7f0d1e249c88>, <objects.lamp.lamp.Lamp object at 0x7f0d1e249cf8>, <objects.lamp.lamp.Lamp object at 0x7f0d1e249d68>, <objects.lamp.lamp.Lamp object at 0x7f0d1e249dd8>, <objects.lamp.lamp.Lamp object at 0x7f0d1e249e48>]
after: [<objects.lamp.lamp.Lamp object at 0x7f0d1e249a58>, <objects.lamp.lamp.Lamp object at 0x7f0d1e249ac8>, <objects.lamp.lamp.Lamp object at 0x7f0d1e249ba8>, <objects.lamp.lamp.Lamp object at 0x7f0d1e249c18>, <objects.lamp.lamp.Lamp object at 0x7f0d1e249c88>, <objects.lamp.lamp.Lamp object at 0x7f0d1e249cf8>, <objects.lamp.lamp.Lamp object at 0x7f0d1e249d68>, <objects.lamp.lamp.Lamp object at 0x7f0d1e249dd8>, <objects.lamp.lamp.Lamp object at 0x7f0d1e249e48>, <objects.lamp.lamp.Lamp object at 0x7f0d1e249eb8>]
>>>>>>>>>>>> res_map_lamps [{'name': 'Lamp', 'pos': (800, 0)}, {'name': 'Lamp', 'pos': (4000, 0)}]
[WARNING] [MTD         ] Unable to open device "/dev/input/event4". Please ensure you have the appropriate permissions.



on_landing
CREATE: (300, 100) <class 'objects.lamp.lamp.Lamp'>
 + + + ADD LAMP + + + [300, 100]
before: [<objects.lamp.lamp.Lamp object at 0x7f0d1e249a58>, <objects.lamp.lamp.Lamp object at 0x7f0d1e249ac8>, <objects.lamp.lamp.Lamp object at 0x7f0d1e249ba8>, <objects.lamp.lamp.Lamp object at 0x7f0d1e249c18>, <objects.lamp.lamp.Lamp object at 0x7f0d1e249c88>, <objects.lamp.lamp.Lamp object at 0x7f0d1e249cf8>, <objects.lamp.lamp.Lamp object at 0x7f0d1e249d68>, <objects.lamp.lamp.Lamp object at 0x7f0d1e249dd8>, <objects.lamp.lamp.Lamp object at 0x7f0d1e249e48>, <objects.lamp.lamp.Lamp object at 0x7f0d1e249eb8>]
after: [<objects.lamp.lamp.Lamp object at 0x7f0d1e249a58>, <objects.lamp.lamp.Lamp object at 0x7f0d1e249ac8>, <objects.lamp.lamp.Lamp object at 0x7f0d1e249ba8>, <objects.lamp.lamp.Lamp object at 0x7f0d1e249c18>, <objects.lamp.lamp.Lamp object at 0x7f0d1e249c88>, <objects.lamp.lamp.Lamp object at 0x7f0d1e249cf8>, <objects.lamp.lamp.Lamp object at 0x7f0d1e249d68>, <objects.lamp.lamp.Lamp object at 0x7f0d1e249dd8>, <objects.lamp.lamp.Lamp object at 0x7f0d1e249e48>, <objects.lamp.lamp.Lamp object at 0x7f0d1e249eb8>, <objects.lamp.lamp.Lamp object at 0x7f0d1cf46cf8>]

CREATE: (2000, 100) <class 'objects.lamp.lamp.Lamp'>
 + + + ADD LAMP + + + [2000, 100]
before: [<objects.lamp.lamp.Lamp object at 0x7f0d1e249a58>, <objects.lamp.lamp.Lamp object at 0x7f0d1e249ac8>, <objects.lamp.lamp.Lamp object at 0x7f0d1e249ba8>, <objects.lamp.lamp.Lamp object at 0x7f0d1e249c18>, <objects.lamp.lamp.Lamp object at 0x7f0d1e249c88>, <objects.lamp.lamp.Lamp object at 0x7f0d1e249cf8>, <objects.lamp.lamp.Lamp object at 0x7f0d1e249d68>, <objects.lamp.lamp.Lamp object at 0x7f0d1e249dd8>, <objects.lamp.lamp.Lamp object at 0x7f0d1e249e48>, <objects.lamp.lamp.Lamp object at 0x7f0d1e249eb8>, <objects.lamp.lamp.Lamp object at 0x7f0d1cf46cf8>]
after: [<objects.lamp.lamp.Lamp object at 0x7f0d1e249a58>, <objects.lamp.lamp.Lamp object at 0x7f0d1e249ac8>, <objects.lamp.lamp.Lamp object at 0x7f0d1e249ba8>, <objects.lamp.lamp.Lamp object at 0x7f0d1e249c18>, <objects.lamp.lamp.Lamp object at 0x7f0d1e249c88>, <objects.lamp.lamp.Lamp object at 0x7f0d1e249cf8>, <objects.lamp.lamp.Lamp object at 0x7f0d1e249d68>, <objects.lamp.lamp.Lamp object at 0x7f0d1e249dd8>, <objects.lamp.lamp.Lamp object at 0x7f0d1e249e48>, <objects.lamp.lamp.Lamp object at 0x7f0d1e249eb8>, <objects.lamp.lamp.Lamp object at 0x7f0d1cf46cf8>, <objects.lamp.lamp.Lamp object at 0x7f0d1cf46d68>]
>>>>>>>>>>>> res_map_lamps [{'name': 'Lamp', 'pos': (800, 0)}, {'name': 'Lamp', 'pos': (4000, 0)}]
.. .. .. redraw_texture texture <objects.start.start.Start object at 0x7f0d1e2499e8>
.. .. .. redraw_texture texture <objects.lamp.lamp.Lamp object at 0x7f0d1e249a58>
.. .. .. redraw_texture texture <objects.lamp.lamp.Lamp object at 0x7f0d1e249ba8>
.. .. .. redraw_texture texture <objects.lamp.lamp.Lamp object at 0x7f0d1e249c88>
.. .. .. redraw_texture texture <objects.lamp.lamp.Lamp object at 0x7f0d1e249d68>
.. .. .. redraw_texture texture <objects.lamp.lamp.Lamp object at 0x7f0d1e249e48>
.. .. .. redraw_texture texture <objects.lamp.lamp.Lamp object at 0x7f0d1cf46cf8>
on_landing

CREATE: (300, 100) <class 'objects.lamp.lamp.Lamp'>
 + + + ADD LAMP + + + [300, 100]
before: [<objects.lamp.lamp.Lamp object at 0x7f0d1e249a58>, <objects.lamp.lamp.Lamp object at 0x7f0d1e249ac8>, <objects.lamp.lamp.Lamp object at 0x7f0d1e249ba8>, <objects.lamp.lamp.Lamp object at 0x7f0d1e249c18>, <objects.lamp.lamp.Lamp object at 0x7f0d1e249c88>, <objects.lamp.lamp.Lamp object at 0x7f0d1e249cf8>, <objects.lamp.lamp.Lamp object at 0x7f0d1e249d68>, <objects.lamp.lamp.Lamp object at 0x7f0d1e249dd8>, <objects.lamp.lamp.Lamp object at 0x7f0d1e249e48>, <objects.lamp.lamp.Lamp object at 0x7f0d1e249eb8>, <objects.lamp.lamp.Lamp object at 0x7f0d1cf46cf8>, <objects.lamp.lamp.Lamp object at 0x7f0d1cf46d68>]
after: [<objects.lamp.lamp.Lamp object at 0x7f0d1e249a58>, <objects.lamp.lamp.Lamp object at 0x7f0d1e249ac8>, <objects.lamp.lamp.Lamp object at 0x7f0d1e249ba8>, <objects.lamp.lamp.Lamp object at 0x7f0d1e249c18>, <objects.lamp.lamp.Lamp object at 0x7f0d1e249c88>, <objects.lamp.lamp.Lamp object at 0x7f0d1e249cf8>, <objects.lamp.lamp.Lamp object at 0x7f0d1e249d68>, <objects.lamp.lamp.Lamp object at 0x7f0d1e249dd8>, <objects.lamp.lamp.Lamp object at 0x7f0d1e249e48>, <objects.lamp.lamp.Lamp object at 0x7f0d1e249eb8>, <objects.lamp.lamp.Lamp object at 0x7f0d1cf46cf8>, <objects.lamp.lamp.Lamp object at 0x7f0d1cf46d68>, <objects.lamp.lamp.Lamp object at 0x7f0d1cf46dd8>]

CREATE: (2000, 100) <class 'objects.lamp.lamp.Lamp'>
 + + + ADD LAMP + + + [2000, 100]
before: [<objects.lamp.lamp.Lamp object at 0x7f0d1e249a58>, <objects.lamp.lamp.Lamp object at 0x7f0d1e249ac8>, <objects.lamp.lamp.Lamp object at 0x7f0d1e249ba8>, <objects.lamp.lamp.Lamp object at 0x7f0d1e249c18>, <objects.lamp.lamp.Lamp object at 0x7f0d1e249c88>, <objects.lamp.lamp.Lamp object at 0x7f0d1e249cf8>, <objects.lamp.lamp.Lamp object at 0x7f0d1e249d68>, <objects.lamp.lamp.Lamp object at 0x7f0d1e249dd8>, <objects.lamp.lamp.Lamp object at 0x7f0d1e249e48>, <objects.lamp.lamp.Lamp object at 0x7f0d1e249eb8>, <objects.lamp.lamp.Lamp object at 0x7f0d1cf46cf8>, <objects.lamp.lamp.Lamp object at 0x7f0d1cf46d68>, <objects.lamp.lamp.Lamp object at 0x7f0d1cf46dd8>]
after: [<objects.lamp.lamp.Lamp object at 0x7f0d1e249a58>, <objects.lamp.lamp.Lamp object at 0x7f0d1e249ac8>, <objects.lamp.lamp.Lamp object at 0x7f0d1e249ba8>, <objects.lamp.lamp.Lamp object at 0x7f0d1e249c18>, <objects.lamp.lamp.Lamp object at 0x7f0d1e249c88>, <objects.lamp.lamp.Lamp object at 0x7f0d1e249cf8>, <objects.lamp.lamp.Lamp object at 0x7f0d1e249d68>, <objects.lamp.lamp.Lamp object at 0x7f0d1e249dd8>, <objects.lamp.lamp.Lamp object at 0x7f0d1e249e48>, <objects.lamp.lamp.Lamp object at 0x7f0d1e249eb8>, <objects.lamp.lamp.Lamp object at 0x7f0d1cf46cf8>, <objects.lamp.lamp.Lamp object at 0x7f0d1cf46d68>, <objects.lamp.lamp.Lamp object at 0x7f0d1cf46dd8>, <objects.lamp.lamp.Lamp object at 0x7f0d1cf46e48>]
>>>>>>>>>>>> res_map_lamps [{'name': 'Lamp', 'pos': (800, 0)}, {'name': 'Lamp', 'pos': (4000, 0)}]
.. .. .. redraw_texture texture <objects.start.start.Start object at 0x7f0d1e2499e8>
.. .. .. redraw_texture texture <objects.lamp.lamp.Lamp object at 0x7f0d1e249a58>
.. .. .. redraw_texture texture <objects.lamp.lamp.Lamp object at 0x7f0d1e249ba8>
.. .. .. redraw_texture texture <objects.lamp.lamp.Lamp object at 0x7f0d1e249c88>
.. .. .. redraw_texture texture <objects.lamp.lamp.Lamp object at 0x7f0d1e249d68>
.. .. .. redraw_texture texture <objects.lamp.lamp.Lamp object at 0x7f0d1e249e48>
.. .. .. redraw_texture texture <objects.lamp.lamp.Lamp object at 0x7f0d1cf46cf8>
.. .. .. redraw_texture texture <objects.lamp.lamp.Lamp object at 0x7f0d1cf46dd8>
on_landing
CREATE: (300, 100) <class 'objects.lamp.lamp.Lamp'>
 + + + ADD LAMP + + + [300, 100]
before: [<objects.lamp.lamp.Lamp object at 0x7f0d1e249a58>, <objects.lamp.lamp.Lamp object at 0x7f0d1e249ac8>, <objects.lamp.lamp.Lamp object at 0x7f0d1e249ba8>, <objects.lamp.lamp.Lamp object at 0x7f0d1e249c18>, <objects.lamp.lamp.Lamp object at 0x7f0d1e249c88>, <objects.lamp.lamp.Lamp object at 0x7f0d1e249cf8>, <objects.lamp.lamp.Lamp object at 0x7f0d1e249d68>, <objects.lamp.lamp.Lamp object at 0x7f0d1e249dd8>, <objects.lamp.lamp.Lamp object at 0x7f0d1e249e48>, <objects.lamp.lamp.Lamp object at 0x7f0d1e249eb8>, <objects.lamp.lamp.Lamp object at 0x7f0d1cf46cf8>, <objects.lamp.lamp.Lamp object at 0x7f0d1cf46d68>, <objects.lamp.lamp.Lamp object at 0x7f0d1cf46dd8>, <objects.lamp.lamp.Lamp object at 0x7f0d1cf46e48>]
after: [<objects.lamp.lamp.Lamp object at 0x7f0d1e249a58>, <objects.lamp.lamp.Lamp object at 0x7f0d1e249ac8>, <objects.lamp.lamp.Lamp object at 0x7f0d1e249ba8>, <objects.lamp.lamp.Lamp object at 0x7f0d1e249c18>, <objects.lamp.lamp.Lamp object at 0x7f0d1e249c88>, <objects.lamp.lamp.Lamp object at 0x7f0d1e249cf8>, <objects.lamp.lamp.Lamp object at 0x7f0d1e249d68>, <objects.lamp.lamp.Lamp object at 0x7f0d1e249dd8>, <objects.lamp.lamp.Lamp object at 0x7f0d1e249e48>, <objects.lamp.lamp.Lamp object at 0x7f0d1e249eb8>, <objects.lamp.lamp.Lamp object at 0x7f0d1cf46cf8>, <objects.lamp.lamp.Lamp object at 0x7f0d1cf46d68>, <objects.lamp.lamp.Lamp object at 0x7f0d1cf46dd8>, <objects.lamp.lamp.Lamp object at 0x7f0d1cf46e48>, <objects.lamp.lamp.Lamp object at 0x7f0d1cf46eb8>]
CREATE: (2000, 100) <class 'objects.lamp.lamp.Lamp'>
 + + + ADD LAMP + + + [2000, 100]
before: [<objects.lamp.lamp.Lamp object at 0x7f0d1e249a58>, <objects.lamp.lamp.Lamp object at 0x7f0d1e249ac8>, <objects.lamp.lamp.Lamp object at 0x7f0d1e249ba8>, <objects.lamp.lamp.Lamp object at 0x7f0d1e249c18>, <objects.lamp.lamp.Lamp object at 0x7f0d1e249c88>, <objects.lamp.lamp.Lamp object at 0x7f0d1e249cf8>, <objects.lamp.lamp.Lamp object at 0x7f0d1e249d68>, <objects.lamp.lamp.Lamp object at 0x7f0d1e249dd8>, <objects.lamp.lamp.Lamp object at 0x7f0d1e249e48>, <objects.lamp.lamp.Lamp object at 0x7f0d1e249eb8>, <objects.lamp.lamp.Lamp object at 0x7f0d1cf46cf8>, <objects.lamp.lamp.Lamp object at 0x7f0d1cf46d68>, <objects.lamp.lamp.Lamp object at 0x7f0d1cf46dd8>, <objects.lamp.lamp.Lamp object at 0x7f0d1cf46e48>, <objects.lamp.lamp.Lamp object at 0x7f0d1cf46eb8>]
after: [<objects.lamp.lamp.Lamp object at 0x7f0d1e249a58>, <objects.lamp.lamp.Lamp object at 0x7f0d1e249ac8>, <objects.lamp.lamp.Lamp object at 0x7f0d1e249ba8>, <objects.lamp.lamp.Lamp object at 0x7f0d1e249c18>, <objects.lamp.lamp.Lamp object at 0x7f0d1e249c88>, <objects.lamp.lamp.Lamp object at 0x7f0d1e249cf8>, <objects.lamp.lamp.Lamp object at 0x7f0d1e249d68>, <objects.lamp.lamp.Lamp object at 0x7f0d1e249dd8>, <objects.lamp.lamp.Lamp object at 0x7f0d1e249e48>, <objects.lamp.lamp.Lamp object at 0x7f0d1e249eb8>, <objects.lamp.lamp.Lamp object at 0x7f0d1cf46cf8>, <objects.lamp.lamp.Lamp object at 0x7f0d1cf46d68>, <objects.lamp.lamp.Lamp object at 0x7f0d1cf46dd8>, <objects.lamp.lamp.Lamp object at 0x7f0d1cf46e48>, <objects.lamp.lamp.Lamp object at 0x7f0d1cf46eb8>, <objects.lamp.lamp.Lamp object at 0x7f0d1cf46f28>]
>>>>>>>>>>>> res_map_lamps [{'name': 'Lamp', 'pos': (800, 0)}, {'name': 'Lamp', 'pos': (4000, 0)}]
.. .. .. redraw_texture texture <objects.start.start.Start object at 0x7f0d1e2499e8>
.. .. .. redraw_texture texture <objects.lamp.lamp.Lamp object at 0x7f0d1e249a58>
.. .. .. redraw_texture texture <objects.lamp.lamp.Lamp object at 0x7f0d1e249ba8>
.. .. .. redraw_texture texture <objects.lamp.lamp.Lamp object at 0x7f0d1e249c88>
.. .. .. redraw_texture texture <objects.lamp.lamp.Lamp object at 0x7f0d1e249d68>
.. .. .. redraw_texture texture <objects.lamp.lamp.Lamp object at 0x7f0d1e249e48>
.. .. .. redraw_texture texture <objects.lamp.lamp.Lamp object at 0x7f0d1cf46cf8>
.. .. .. redraw_texture texture <objects.lamp.lamp.Lamp object at 0x7f0d1cf46dd8>
.. .. .. redraw_texture texture <objects.lamp.lamp.Lamp object at 0x7f0d1cf46eb8>
on_landing
CREATE: (300, 100) <class 'objects.lamp.lamp.Lamp'>
 + + + ADD LAMP + + + [300, 100]
before: [<objects.lamp.lamp.Lamp object at 0x7f0d1e249a58>, <objects.lamp.lamp.Lamp object at 0x7f0d1e249ac8>, <objects.lamp.lamp.Lamp object at 0x7f0d1e249ba8>, <objects.lamp.lamp.Lamp object at 0x7f0d1e249c18>, <objects.lamp.lamp.Lamp object at 0x7f0d1e249c88>, <objects.lamp.lamp.Lamp object at 0x7f0d1e249cf8>, <objects.lamp.lamp.Lamp object at 0x7f0d1e249d68>, <objects.lamp.lamp.Lamp object at 0x7f0d1e249dd8>, <objects.lamp.lamp.Lamp object at 0x7f0d1e249e48>, <objects.lamp.lamp.Lamp object at 0x7f0d1e249eb8>, <objects.lamp.lamp.Lamp object at 0x7f0d1cf46cf8>, <objects.lamp.lamp.Lamp object at 0x7f0d1cf46d68>, <objects.lamp.lamp.Lamp object at 0x7f0d1cf46dd8>, <objects.lamp.lamp.Lamp object at 0x7f0d1cf46e48>, <objects.lamp.lamp.Lamp object at 0x7f0d1cf46eb8>, <objects.lamp.lamp.Lamp object at 0x7f0d1cf46f28>]
after: [<objects.lamp.lamp.Lamp object at 0x7f0d1e249a58>, <objects.lamp.lamp.Lamp object at 0x7f0d1e249ac8>, <objects.lamp.lamp.Lamp object at 0x7f0d1e249ba8>, <objects.lamp.lamp.Lamp object at 0x7f0d1e249c18>, <objects.lamp.lamp.Lamp object at 0x7f0d1e249c88>, <objects.lamp.lamp.Lamp object at 0x7f0d1e249cf8>, <objects.lamp.lamp.Lamp object at 0x7f0d1e249d68>, <objects.lamp.lamp.Lamp object at 0x7f0d1e249dd8>, <objects.lamp.lamp.Lamp object at 0x7f0d1e249e48>, <objects.lamp.lamp.Lamp object at 0x7f0d1e249eb8>, <objects.lamp.lamp.Lamp object at 0x7f0d1cf46cf8>, <objects.lamp.lamp.Lamp object at 0x7f0d1cf46d68>, <objects.lamp.lamp.Lamp object at 0x7f0d1cf46dd8>, <objects.lamp.lamp.Lamp object at 0x7f0d1cf46e48>, <objects.lamp.lamp.Lamp object at 0x7f0d1cf46eb8>, <objects.lamp.lamp.Lamp object at 0x7f0d1cf46f28>, <objects.lamp.lamp.Lamp object at 0x7f0d1cf46f98>]
CREATE: (2000, 100) <class 'objects.lamp.lamp.Lamp'>
 + + + ADD LAMP + + + [2000, 100]
before: [<objects.lamp.lamp.Lamp object at 0x7f0d1e249a58>, <objects.lamp.lamp.Lamp object at 0x7f0d1e249ac8>, <objects.lamp.lamp.Lamp object at 0x7f0d1e249ba8>, <objects.lamp.lamp.Lamp object at 0x7f0d1e249c18>, <objects.lamp.lamp.Lamp object at 0x7f0d1e249c88>, <objects.lamp.lamp.Lamp object at 0x7f0d1e249cf8>, <objects.lamp.lamp.Lamp object at 0x7f0d1e249d68>, <objects.lamp.lamp.Lamp object at 0x7f0d1e249dd8>, <objects.lamp.lamp.Lamp object at 0x7f0d1e249e48>, <objects.lamp.lamp.Lamp object at 0x7f0d1e249eb8>, <objects.lamp.lamp.Lamp object at 0x7f0d1cf46cf8>, <objects.lamp.lamp.Lamp object at 0x7f0d1cf46d68>, <objects.lamp.lamp.Lamp object at 0x7f0d1cf46dd8>, <objects.lamp.lamp.Lamp object at 0x7f0d1cf46e48>, <objects.lamp.lamp.Lamp object at 0x7f0d1cf46eb8>, <objects.lamp.lamp.Lamp object at 0x7f0d1cf46f28>, <objects.lamp.lamp.Lamp object at 0x7f0d1cf46f98>]
after: [<objects.lamp.lamp.Lamp object at 0x7f0d1e249a58>, <objects.lamp.lamp.Lamp object at 0x7f0d1e249ac8>, <objects.lamp.lamp.Lamp object at 0x7f0d1e249ba8>, <objects.lamp.lamp.Lamp object at 0x7f0d1e249c18>, <objects.lamp.lamp.Lamp object at 0x7f0d1e249c88>, <objects.lamp.lamp.Lamp object at 0x7f0d1e249cf8>, <objects.lamp.lamp.Lamp object at 0x7f0d1e249d68>, <objects.lamp.lamp.Lamp object at 0x7f0d1e249dd8>, <objects.lamp.lamp.Lamp object at 0x7f0d1e249e48>, <objects.lamp.lamp.Lamp object at 0x7f0d1e249eb8>, <objects.lamp.lamp.Lamp object at 0x7f0d1cf46cf8>, <objects.lamp.lamp.Lamp object at 0x7f0d1cf46d68>, <objects.lamp.lamp.Lamp object at 0x7f0d1cf46dd8>, <objects.lamp.lamp.Lamp object at 0x7f0d1cf46e48>, <objects.lamp.lamp.Lamp object at 0x7f0d1cf46eb8>, <objects.lamp.lamp.Lamp object at 0x7f0d1cf46f28>, <objects.lamp.lamp.Lamp object at 0x7f0d1cf46f98>, <objects.lamp.lamp.Lamp object at 0x7f0d1ce03048>]
>>>>>>>>>>>> res_map_lamps [{'name': 'Lamp', 'pos': (800, 0)}, {'name': 'Lamp', 'pos': (4000, 0)}]
.. .. .. redraw_texture texture <objects.start.start.Start object at 0x7f0d1e2499e8>
.. .. .. redraw_texture texture <objects.lamp.lamp.Lamp object at 0x7f0d1e249a58>
.. .. .. redraw_texture texture <objects.lamp.lamp.Lamp object at 0x7f0d1e249ba8>
.. .. .. redraw_texture texture <objects.lamp.lamp.Lamp object at 0x7f0d1e249c88>
.. .. .. redraw_texture texture <objects.lamp.lamp.Lamp object at 0x7f0d1e249d68>
.. .. .. redraw_texture texture <objects.lamp.lamp.Lamp object at 0x7f0d1e249e48>
.. .. .. redraw_texture texture <objects.lamp.lamp.Lamp object at 0x7f0d1cf46cf8>
.. .. .. redraw_texture texture <objects.lamp.lamp.Lamp object at 0x7f0d1cf46dd8>
.. .. .. redraw_texture texture <objects.lamp.lamp.Lamp object at 0x7f0d1cf46eb8>
.. .. .. redraw_texture texture <objects.lamp.lamp.Lamp object at 0x7f0d1cf46f98>
on_landing
CREATE: (300, 100) <class 'objects.lamp.lamp.Lamp'>
 + + + ADD LAMP + + + [300, 100]
before: [<objects.lamp.lamp.Lamp object at 0x7f0d1e249a58>, <objects.lamp.lamp.Lamp object at 0x7f0d1e249ac8>, <objects.lamp.lamp.Lamp object at 0x7f0d1e249ba8>, <objects.lamp.lamp.Lamp object at 0x7f0d1e249c18>, <objects.lamp.lamp.Lamp object at 0x7f0d1e249c88>, <objects.lamp.lamp.Lamp object at 0x7f0d1e249cf8>, <objects.lamp.lamp.Lamp object at 0x7f0d1e249d68>, <objects.lamp.lamp.Lamp object at 0x7f0d1e249dd8>, <objects.lamp.lamp.Lamp object at 0x7f0d1e249e48>, <objects.lamp.lamp.Lamp object at 0x7f0d1e249eb8>, <objects.lamp.lamp.Lamp object at 0x7f0d1cf46cf8>, <objects.lamp.lamp.Lamp object at 0x7f0d1cf46d68>, <objects.lamp.lamp.Lamp object at 0x7f0d1cf46dd8>, <objects.lamp.lamp.Lamp object at 0x7f0d1cf46e48>, <objects.lamp.lamp.Lamp object at 0x7f0d1cf46eb8>, <objects.lamp.lamp.Lamp object at 0x7f0d1cf46f28>, <objects.lamp.lamp.Lamp object at 0x7f0d1cf46f98>, <objects.lamp.lamp.Lamp object at 0x7f0d1ce03048>]
after: [<objects.lamp.lamp.Lamp object at 0x7f0d1e249a58>, <objects.lamp.lamp.Lamp object at 0x7f0d1e249ac8>, <objects.lamp.lamp.Lamp object at 0x7f0d1e249ba8>, <objects.lamp.lamp.Lamp object at 0x7f0d1e249c18>, <objects.lamp.lamp.Lamp object at 0x7f0d1e249c88>, <objects.lamp.lamp.Lamp object at 0x7f0d1e249cf8>, <objects.lamp.lamp.Lamp object at 0x7f0d1e249d68>, <objects.lamp.lamp.Lamp object at 0x7f0d1e249dd8>, <objects.lamp.lamp.Lamp object at 0x7f0d1e249e48>, <objects.lamp.lamp.Lamp object at 0x7f0d1e249eb8>, <objects.lamp.lamp.Lamp object at 0x7f0d1cf46cf8>, <objects.lamp.lamp.Lamp object at 0x7f0d1cf46d68>, <objects.lamp.lamp.Lamp object at 0x7f0d1cf46dd8>, <objects.lamp.lamp.Lamp object at 0x7f0d1cf46e48>, <objects.lamp.lamp.Lamp object at 0x7f0d1cf46eb8>, <objects.lamp.lamp.Lamp object at 0x7f0d1cf46f28>, <objects.lamp.lamp.Lamp object at 0x7f0d1cf46f98>, <objects.lamp.lamp.Lamp object at 0x7f0d1ce03048>, <objects.lamp.lamp.Lamp object at 0x7f0d1ce030b8>]
CREATE: (2000, 100) <class 'objects.lamp.lamp.Lamp'>
 + + + ADD LAMP + + + [2000, 100]
before: [<objects.lamp.lamp.Lamp object at 0x7f0d1e249a58>, <objects.lamp.lamp.Lamp object at 0x7f0d1e249ac8>, <objects.lamp.lamp.Lamp object at 0x7f0d1e249ba8>, <objects.lamp.lamp.Lamp object at 0x7f0d1e249c18>, <objects.lamp.lamp.Lamp object at 0x7f0d1e249c88>, <objects.lamp.lamp.Lamp object at 0x7f0d1e249cf8>, <objects.lamp.lamp.Lamp object at 0x7f0d1e249d68>, <objects.lamp.lamp.Lamp object at 0x7f0d1e249dd8>, <objects.lamp.lamp.Lamp object at 0x7f0d1e249e48>, <objects.lamp.lamp.Lamp object at 0x7f0d1e249eb8>, <objects.lamp.lamp.Lamp object at 0x7f0d1cf46cf8>, <objects.lamp.lamp.Lamp object at 0x7f0d1cf46d68>, <objects.lamp.lamp.Lamp object at 0x7f0d1cf46dd8>, <objects.lamp.lamp.Lamp object at 0x7f0d1cf46e48>, <objects.lamp.lamp.Lamp object at 0x7f0d1cf46eb8>, <objects.lamp.lamp.Lamp object at 0x7f0d1cf46f28>, <objects.lamp.lamp.Lamp object at 0x7f0d1cf46f98>, <objects.lamp.lamp.Lamp object at 0x7f0d1ce03048>, <objects.lamp.lamp.Lamp object at 0x7f0d1ce030b8>]
after: [<objects.lamp.lamp.Lamp object at 0x7f0d1e249a58>, <objects.lamp.lamp.Lamp object at 0x7f0d1e249ac8>, <objects.lamp.lamp.Lamp object at 0x7f0d1e249ba8>, <objects.lamp.lamp.Lamp object at 0x7f0d1e249c18>, <objects.lamp.lamp.Lamp object at 0x7f0d1e249c88>, <objects.lamp.lamp.Lamp object at 0x7f0d1e249cf8>, <objects.lamp.lamp.Lamp object at 0x7f0d1e249d68>, <objects.lamp.lamp.Lamp object at 0x7f0d1e249dd8>, <objects.lamp.lamp.Lamp object at 0x7f0d1e249e48>, <objects.lamp.lamp.Lamp object at 0x7f0d1e249eb8>, <objects.lamp.lamp.Lamp object at 0x7f0d1cf46cf8>, <objects.lamp.lamp.Lamp object at 0x7f0d1cf46d68>, <objects.lamp.lamp.Lamp object at 0x7f0d1cf46dd8>, <objects.lamp.lamp.Lamp object at 0x7f0d1cf46e48>, <objects.lamp.lamp.Lamp object at 0x7f0d1cf46eb8>, <objects.lamp.lamp.Lamp object at 0x7f0d1cf46f28>, <objects.lamp.lamp.Lamp object at 0x7f0d1cf46f98>, <objects.lamp.lamp.Lamp object at 0x7f0d1ce03048>, <objects.lamp.lamp.Lamp object at 0x7f0d1ce030b8>, <objects.lamp.lamp.Lamp object at 0x7f0d1ce03128>]
>>>>>>>>>>>> res_map_lamps [{'name': 'Lamp', 'pos': (800, 0)}, {'name': 'Lamp', 'pos': (4000, 0)}]
.. .. .. redraw_texture texture <objects.start.start.Start object at 0x7f0d1e2499e8>
.. .. .. redraw_texture texture <objects.lamp.lamp.Lamp object at 0x7f0d1e249a58>
.. .. .. redraw_texture texture <objects.lamp.lamp.Lamp object at 0x7f0d1e249ba8>
.. .. .. redraw_texture texture <objects.lamp.lamp.Lamp object at 0x7f0d1e249c88>
.. .. .. redraw_texture texture <objects.lamp.lamp.Lamp object at 0x7f0d1e249d68>
.. .. .. redraw_texture texture <objects.lamp.lamp.Lamp object at 0x7f0d1e249e48>
.. .. .. redraw_texture texture <objects.lamp.lamp.Lamp object at 0x7f0d1cf46cf8>
.. .. .. redraw_texture texture <objects.lamp.lamp.Lamp object at 0x7f0d1cf46dd8>
.. .. .. redraw_texture texture <objects.lamp.lamp.Lamp object at 0x7f0d1cf46eb8>
.. .. .. redraw_texture texture <objects.lamp.lamp.Lamp object at 0x7f0d1cf46f98>
.. .. .. redraw_texture texture <objects.lamp.lamp.Lamp object at 0x7f0d1ce030b8>
on_landing
CREATE: (300, 100) <class 'objects.lamp.lamp.Lamp'>
 + + + ADD LAMP + + + [300, 100]
before: [<objects.lamp.lamp.Lamp object at 0x7f0d1e249a58>, <objects.lamp.lamp.Lamp object at 0x7f0d1e249ac8>, <objects.lamp.lamp.Lamp object at 0x7f0d1e249ba8>, <objects.lamp.lamp.Lamp object at 0x7f0d1e249c18>, <objects.lamp.lamp.Lamp object at 0x7f0d1e249c88>, <objects.lamp.lamp.Lamp object at 0x7f0d1e249cf8>, <objects.lamp.lamp.Lamp object at 0x7f0d1e249d68>, <objects.lamp.lamp.Lamp object at 0x7f0d1e249dd8>, <objects.lamp.lamp.Lamp object at 0x7f0d1e249e48>, <objects.lamp.lamp.Lamp object at 0x7f0d1e249eb8>, <objects.lamp.lamp.Lamp object at 0x7f0d1cf46cf8>, <objects.lamp.lamp.Lamp object at 0x7f0d1cf46d68>, <objects.lamp.lamp.Lamp object at 0x7f0d1cf46dd8>, <objects.lamp.lamp.Lamp object at 0x7f0d1cf46e48>, <objects.lamp.lamp.Lamp object at 0x7f0d1cf46eb8>, <objects.lamp.lamp.Lamp object at 0x7f0d1cf46f28>, <objects.lamp.lamp.Lamp object at 0x7f0d1cf46f98>, <objects.lamp.lamp.Lamp object at 0x7f0d1ce03048>, <objects.lamp.lamp.Lamp object at 0x7f0d1ce030b8>, <objects.lamp.lamp.Lamp object at 0x7f0d1ce03128>]
after: [<objects.lamp.lamp.Lamp object at 0x7f0d1e249a58>, <objects.lamp.lamp.Lamp object at 0x7f0d1e249ac8>, <objects.lamp.lamp.Lamp object at 0x7f0d1e249ba8>, <objects.lamp.lamp.Lamp object at 0x7f0d1e249c18>, <objects.lamp.lamp.Lamp object at 0x7f0d1e249c88>, <objects.lamp.lamp.Lamp object at 0x7f0d1e249cf8>, <objects.lamp.lamp.Lamp object at 0x7f0d1e249d68>, <objects.lamp.lamp.Lamp object at 0x7f0d1e249dd8>, <objects.lamp.lamp.Lamp object at 0x7f0d1e249e48>, <objects.lamp.lamp.Lamp object at 0x7f0d1e249eb8>, <objects.lamp.lamp.Lamp object at 0x7f0d1cf46cf8>, <objects.lamp.lamp.Lamp object at 0x7f0d1cf46d68>, <objects.lamp.lamp.Lamp object at 0x7f0d1cf46dd8>, <objects.lamp.lamp.Lamp object at 0x7f0d1cf46e48>, <objects.lamp.lamp.Lamp object at 0x7f0d1cf46eb8>, <objects.lamp.lamp.Lamp object at 0x7f0d1cf46f28>, <objects.lamp.lamp.Lamp object at 0x7f0d1cf46f98>, <objects.lamp.lamp.Lamp object at 0x7f0d1ce03048>, <objects.lamp.lamp.Lamp object at 0x7f0d1ce030b8>, <objects.lamp.lamp.Lamp object at 0x7f0d1ce03128>, <objects.lamp.lamp.Lamp object at 0x7f0d1ce03198>]
CREATE: (2000, 100) <class 'objects.lamp.lamp.Lamp'>
 + + + ADD LAMP + + + [2000, 100]
before: [<objects.lamp.lamp.Lamp object at 0x7f0d1e249a58>, <objects.lamp.lamp.Lamp object at 0x7f0d1e249ac8>, <objects.lamp.lamp.Lamp object at 0x7f0d1e249ba8>, <objects.lamp.lamp.Lamp object at 0x7f0d1e249c18>, <objects.lamp.lamp.Lamp object at 0x7f0d1e249c88>, <objects.lamp.lamp.Lamp object at 0x7f0d1e249cf8>, <objects.lamp.lamp.Lamp object at 0x7f0d1e249d68>, <objects.lamp.lamp.Lamp object at 0x7f0d1e249dd8>, <objects.lamp.lamp.Lamp object at 0x7f0d1e249e48>, <objects.lamp.lamp.Lamp object at 0x7f0d1e249eb8>, <objects.lamp.lamp.Lamp object at 0x7f0d1cf46cf8>, <objects.lamp.lamp.Lamp object at 0x7f0d1cf46d68>, <objects.lamp.lamp.Lamp object at 0x7f0d1cf46dd8>, <objects.lamp.lamp.Lamp object at 0x7f0d1cf46e48>, <objects.lamp.lamp.Lamp object at 0x7f0d1cf46eb8>, <objects.lamp.lamp.Lamp object at 0x7f0d1cf46f28>, <objects.lamp.lamp.Lamp object at 0x7f0d1cf46f98>, <objects.lamp.lamp.Lamp object at 0x7f0d1ce03048>, <objects.lamp.lamp.Lamp object at 0x7f0d1ce030b8>, <objects.lamp.lamp.Lamp object at 0x7f0d1ce03128>, <objects.lamp.lamp.Lamp object at 0x7f0d1ce03198>]
after: [<objects.lamp.lamp.Lamp object at 0x7f0d1e249a58>, <objects.lamp.lamp.Lamp object at 0x7f0d1e249ac8>, <objects.lamp.lamp.Lamp object at 0x7f0d1e249ba8>, <objects.lamp.lamp.Lamp object at 0x7f0d1e249c18>, <objects.lamp.lamp.Lamp object at 0x7f0d1e249c88>, <objects.lamp.lamp.Lamp object at 0x7f0d1e249cf8>, <objects.lamp.lamp.Lamp object at 0x7f0d1e249d68>, <objects.lamp.lamp.Lamp object at 0x7f0d1e249dd8>, <objects.lamp.lamp.Lamp object at 0x7f0d1e249e48>, <objects.lamp.lamp.Lamp object at 0x7f0d1e249eb8>, <objects.lamp.lamp.Lamp object at 0x7f0d1cf46cf8>, <objects.lamp.lamp.Lamp object at 0x7f0d1cf46d68>, <objects.lamp.lamp.Lamp object at 0x7f0d1cf46dd8>, <objects.lamp.lamp.Lamp object at 0x7f0d1cf46e48>, <objects.lamp.lamp.Lamp object at 0x7f0d1cf46eb8>, <objects.lamp.lamp.Lamp object at 0x7f0d1cf46f28>, <objects.lamp.lamp.Lamp object at 0x7f0d1cf46f98>, <objects.lamp.lamp.Lamp object at 0x7f0d1ce03048>, <objects.lamp.lamp.Lamp object at 0x7f0d1ce030b8>, <objects.lamp.lamp.Lamp object at 0x7f0d1ce03128>, <objects.lamp.lamp.Lamp object at 0x7f0d1ce03198>, <objects.lamp.lamp.Lamp object at 0x7f0d1ce03208>]
>>>>>>>>>>>> res_map_lamps [{'name': 'Lamp', 'pos': (800, 0)}, {'name': 'Lamp', 'pos': (4000, 0)}]
.. .. .. redraw_texture texture <objects.start.start.Start object at 0x7f0d1e2499e8>
.. .. .. redraw_texture texture <objects.lamp.lamp.Lamp object at 0x7f0d1e249a58>
.. .. .. redraw_texture texture <objects.lamp.lamp.Lamp object at 0x7f0d1e249ba8>
.. .. .. redraw_texture texture <objects.lamp.lamp.Lamp object at 0x7f0d1e249c88>
.. .. .. redraw_texture texture <objects.lamp.lamp.Lamp object at 0x7f0d1e249d68>
.. .. .. redraw_texture texture <objects.lamp.lamp.Lamp object at 0x7f0d1e249e48>
.. .. .. redraw_texture texture <objects.lamp.lamp.Lamp object at 0x7f0d1cf46cf8>
.. .. .. redraw_texture texture <objects.lamp.lamp.Lamp object at 0x7f0d1cf46dd8>
.. .. .. redraw_texture texture <objects.lamp.lamp.Lamp object at 0x7f0d1cf46eb8>
.. .. .. redraw_texture texture <objects.lamp.lamp.Lamp object at 0x7f0d1cf46f98>
.. .. .. redraw_texture texture <objects.lamp.lamp.Lamp object at 0x7f0d1ce030b8>
.. .. .. redraw_texture texture <objects.lamp.lamp.Lamp object at 0x7f0d1ce03198>
on_landing
CREATE: (300, 100) <class 'objects.lamp.lamp.Lamp'>
 + + + ADD LAMP + + + [300, 100]
before: [<objects.lamp.lamp.Lamp object at 0x7f0d1e249a58>, <objects.lamp.lamp.Lamp object at 0x7f0d1e249ac8>, <objects.lamp.lamp.Lamp object at 0x7f0d1e249ba8>, <objects.lamp.lamp.Lamp object at 0x7f0d1e249c18>, <objects.lamp.lamp.Lamp object at 0x7f0d1e249c88>, <objects.lamp.lamp.Lamp object at 0x7f0d1e249cf8>, <objects.lamp.lamp.Lamp object at 0x7f0d1e249d68>, <objects.lamp.lamp.Lamp object at 0x7f0d1e249dd8>, <objects.lamp.lamp.Lamp object at 0x7f0d1e249e48>, <objects.lamp.lamp.Lamp object at 0x7f0d1e249eb8>, <objects.lamp.lamp.Lamp object at 0x7f0d1cf46cf8>, <objects.lamp.lamp.Lamp object at 0x7f0d1cf46d68>, <objects.lamp.lamp.Lamp object at 0x7f0d1cf46dd8>, <objects.lamp.lamp.Lamp object at 0x7f0d1cf46e48>, <objects.lamp.lamp.Lamp object at 0x7f0d1cf46eb8>, <objects.lamp.lamp.Lamp object at 0x7f0d1cf46f28>, <objects.lamp.lamp.Lamp object at 0x7f0d1cf46f98>, <objects.lamp.lamp.Lamp object at 0x7f0d1ce03048>, <objects.lamp.lamp.Lamp object at 0x7f0d1ce030b8>, <objects.lamp.lamp.Lamp object at 0x7f0d1ce03128>, <objects.lamp.lamp.Lamp object at 0x7f0d1ce03198>, <objects.lamp.lamp.Lamp object at 0x7f0d1ce03208>]
after: [<objects.lamp.lamp.Lamp object at 0x7f0d1e249a58>, <objects.lamp.lamp.Lamp object at 0x7f0d1e249ac8>, <objects.lamp.lamp.Lamp object at 0x7f0d1e249ba8>, <objects.lamp.lamp.Lamp object at 0x7f0d1e249c18>, <objects.lamp.lamp.Lamp object at 0x7f0d1e249c88>, <objects.lamp.lamp.Lamp object at 0x7f0d1e249cf8>, <objects.lamp.lamp.Lamp object at 0x7f0d1e249d68>, <objects.lamp.lamp.Lamp object at 0x7f0d1e249dd8>, <objects.lamp.lamp.Lamp object at 0x7f0d1e249e48>, <objects.lamp.lamp.Lamp object at 0x7f0d1e249eb8>, <objects.lamp.lamp.Lamp object at 0x7f0d1cf46cf8>, <objects.lamp.lamp.Lamp object at 0x7f0d1cf46d68>, <objects.lamp.lamp.Lamp object at 0x7f0d1cf46dd8>, <objects.lamp.lamp.Lamp object at 0x7f0d1cf46e48>, <objects.lamp.lamp.Lamp object at 0x7f0d1cf46eb8>, <objects.lamp.lamp.Lamp object at 0x7f0d1cf46f28>, <objects.lamp.lamp.Lamp object at 0x7f0d1cf46f98>, <objects.lamp.lamp.Lamp object at 0x7f0d1ce03048>, <objects.lamp.lamp.Lamp object at 0x7f0d1ce030b8>, <objects.lamp.lamp.Lamp object at 0x7f0d1ce03128>, <objects.lamp.lamp.Lamp object at 0x7f0d1ce03198>, <objects.lamp.lamp.Lamp object at 0x7f0d1ce03208>, <objects.lamp.lamp.Lamp object at 0x7f0d1ce03278>]
CREATE: (2000, 100) <class 'objects.lamp.lamp.Lamp'>
 + + + ADD LAMP + + + [2000, 100]
before: [<objects.lamp.lamp.Lamp object at 0x7f0d1e249a58>, <objects.lamp.lamp.Lamp object at 0x7f0d1e249ac8>, <objects.lamp.lamp.Lamp object at 0x7f0d1e249ba8>, <objects.lamp.lamp.Lamp object at 0x7f0d1e249c18>, <objects.lamp.lamp.Lamp object at 0x7f0d1e249c88>, <objects.lamp.lamp.Lamp object at 0x7f0d1e249cf8>, <objects.lamp.lamp.Lamp object at 0x7f0d1e249d68>, <objects.lamp.lamp.Lamp object at 0x7f0d1e249dd8>, <objects.lamp.lamp.Lamp object at 0x7f0d1e249e48>, <objects.lamp.lamp.Lamp object at 0x7f0d1e249eb8>, <objects.lamp.lamp.Lamp object at 0x7f0d1cf46cf8>, <objects.lamp.lamp.Lamp object at 0x7f0d1cf46d68>, <objects.lamp.lamp.Lamp object at 0x7f0d1cf46dd8>, <objects.lamp.lamp.Lamp object at 0x7f0d1cf46e48>, <objects.lamp.lamp.Lamp object at 0x7f0d1cf46eb8>, <objects.lamp.lamp.Lamp object at 0x7f0d1cf46f28>, <objects.lamp.lamp.Lamp object at 0x7f0d1cf46f98>, <objects.lamp.lamp.Lamp object at 0x7f0d1ce03048>, <objects.lamp.lamp.Lamp object at 0x7f0d1ce030b8>, <objects.lamp.lamp.Lamp object at 0x7f0d1ce03128>, <objects.lamp.lamp.Lamp object at 0x7f0d1ce03198>, <objects.lamp.lamp.Lamp object at 0x7f0d1ce03208>, <objects.lamp.lamp.Lamp object at 0x7f0d1ce03278>]
after: [<objects.lamp.lamp.Lamp object at 0x7f0d1e249a58>, <objects.lamp.lamp.Lamp object at 0x7f0d1e249ac8>, <objects.lamp.lamp.Lamp object at 0x7f0d1e249ba8>, <objects.lamp.lamp.Lamp object at 0x7f0d1e249c18>, <objects.lamp.lamp.Lamp object at 0x7f0d1e249c88>, <objects.lamp.lamp.Lamp object at 0x7f0d1e249cf8>, <objects.lamp.lamp.Lamp object at 0x7f0d1e249d68>, <objects.lamp.lamp.Lamp object at 0x7f0d1e249dd8>, <objects.lamp.lamp.Lamp object at 0x7f0d1e249e48>, <objects.lamp.lamp.Lamp object at 0x7f0d1e249eb8>, <objects.lamp.lamp.Lamp object at 0x7f0d1cf46cf8>, <objects.lamp.lamp.Lamp object at 0x7f0d1cf46d68>, <objects.lamp.lamp.Lamp object at 0x7f0d1cf46dd8>, <objects.lamp.lamp.Lamp object at 0x7f0d1cf46e48>, <objects.lamp.lamp.Lamp object at 0x7f0d1cf46eb8>, <objects.lamp.lamp.Lamp object at 0x7f0d1cf46f28>, <objects.lamp.lamp.Lamp object at 0x7f0d1cf46f98>, <objects.lamp.lamp.Lamp object at 0x7f0d1ce03048>, <objects.lamp.lamp.Lamp object at 0x7f0d1ce030b8>, <objects.lamp.lamp.Lamp object at 0x7f0d1ce03128>, <objects.lamp.lamp.Lamp object at 0x7f0d1ce03198>, <objects.lamp.lamp.Lamp object at 0x7f0d1ce03208>, <objects.lamp.lamp.Lamp object at 0x7f0d1ce03278>, <objects.lamp.lamp.Lamp object at 0x7f0d1ce032e8>]
>>>>>>>>>>>> res_map_lamps [{'name': 'Lamp', 'pos': (800, 0)}, {'name': 'Lamp', 'pos': (4000, 0)}]
.. .. .. redraw_texture texture <objects.start.start.Start object at 0x7f0d1e2499e8>
.. .. .. redraw_texture texture <objects.lamp.lamp.Lamp object at 0x7f0d1e249a58>
.. .. .. redraw_texture texture <objects.lamp.lamp.Lamp object at 0x7f0d1e249ba8>
.. .. .. redraw_texture texture <objects.lamp.lamp.Lamp object at 0x7f0d1e249c88>
.. .. .. redraw_texture texture <objects.lamp.lamp.Lamp object at 0x7f0d1e249d68>
.. .. .. redraw_texture texture <objects.lamp.lamp.Lamp object at 0x7f0d1e249e48>
.. .. .. redraw_texture texture <objects.lamp.lamp.Lamp object at 0x7f0d1cf46cf8>
.. .. .. redraw_texture texture <objects.lamp.lamp.Lamp object at 0x7f0d1cf46dd8>
.. .. .. redraw_texture texture <objects.lamp.lamp.Lamp object at 0x7f0d1cf46eb8>
.. .. .. redraw_texture texture <objects.lamp.lamp.Lamp object at 0x7f0d1cf46f98>
.. .. .. redraw_texture texture <objects.lamp.lamp.Lamp object at 0x7f0d1ce030b8>
.. .. .. redraw_texture texture <objects.lamp.lamp.Lamp object at 0x7f0d1ce03198>
.. .. .. redraw_texture texture <objects.lamp.lamp.Lamp object at 0x7f0d1ce03278>
on_landing
CREATE: (300, 100) <class 'objects.lamp.lamp.Lamp'>
 + + + ADD LAMP + + + [300, 100]
before: [<objects.lamp.lamp.Lamp object at 0x7f0d1e249a58>, <objects.lamp.lamp.Lamp object at 0x7f0d1e249ac8>, <objects.lamp.lamp.Lamp object at 0x7f0d1e249ba8>, <objects.lamp.lamp.Lamp object at 0x7f0d1e249c18>, <objects.lamp.lamp.Lamp object at 0x7f0d1e249c88>, <objects.lamp.lamp.Lamp object at 0x7f0d1e249cf8>, <objects.lamp.lamp.Lamp object at 0x7f0d1e249d68>, <objects.lamp.lamp.Lamp object at 0x7f0d1e249dd8>, <objects.lamp.lamp.Lamp object at 0x7f0d1e249e48>, <objects.lamp.lamp.Lamp object at 0x7f0d1e249eb8>, <objects.lamp.lamp.Lamp object at 0x7f0d1cf46cf8>, <objects.lamp.lamp.Lamp object at 0x7f0d1cf46d68>, <objects.lamp.lamp.Lamp object at 0x7f0d1cf46dd8>, <objects.lamp.lamp.Lamp object at 0x7f0d1cf46e48>, <objects.lamp.lamp.Lamp object at 0x7f0d1cf46eb8>, <objects.lamp.lamp.Lamp object at 0x7f0d1cf46f28>, <objects.lamp.lamp.Lamp object at 0x7f0d1cf46f98>, <objects.lamp.lamp.Lamp object at 0x7f0d1ce03048>, <objects.lamp.lamp.Lamp object at 0x7f0d1ce030b8>, <objects.lamp.lamp.Lamp object at 0x7f0d1ce03128>, <objects.lamp.lamp.Lamp object at 0x7f0d1ce03198>, <objects.lamp.lamp.Lamp object at 0x7f0d1ce03208>, <objects.lamp.lamp.Lamp object at 0x7f0d1ce03278>, <objects.lamp.lamp.Lamp object at 0x7f0d1ce032e8>]
after: [<objects.lamp.lamp.Lamp object at 0x7f0d1e249a58>, <objects.lamp.lamp.Lamp object at 0x7f0d1e249ac8>, <objects.lamp.lamp.Lamp object at 0x7f0d1e249ba8>, <objects.lamp.lamp.Lamp object at 0x7f0d1e249c18>, <objects.lamp.lamp.Lamp object at 0x7f0d1e249c88>, <objects.lamp.lamp.Lamp object at 0x7f0d1e249cf8>, <objects.lamp.lamp.Lamp object at 0x7f0d1e249d68>, <objects.lamp.lamp.Lamp object at 0x7f0d1e249dd8>, <objects.lamp.lamp.Lamp object at 0x7f0d1e249e48>, <objects.lamp.lamp.Lamp object at 0x7f0d1e249eb8>, <objects.lamp.lamp.Lamp object at 0x7f0d1cf46cf8>, <objects.lamp.lamp.Lamp object at 0x7f0d1cf46d68>, <objects.lamp.lamp.Lamp object at 0x7f0d1cf46dd8>, <objects.lamp.lamp.Lamp object at 0x7f0d1cf46e48>, <objects.lamp.lamp.Lamp object at 0x7f0d1cf46eb8>, <objects.lamp.lamp.Lamp object at 0x7f0d1cf46f28>, <objects.lamp.lamp.Lamp object at 0x7f0d1cf46f98>, <objects.lamp.lamp.Lamp object at 0x7f0d1ce03048>, <objects.lamp.lamp.Lamp object at 0x7f0d1ce030b8>, <objects.lamp.lamp.Lamp object at 0x7f0d1ce03128>, <objects.lamp.lamp.Lamp object at 0x7f0d1ce03198>, <objects.lamp.lamp.Lamp object at 0x7f0d1ce03208>, <objects.lamp.lamp.Lamp object at 0x7f0d1ce03278>, <objects.lamp.lamp.Lamp object at 0x7f0d1ce032e8>, <objects.lamp.lamp.Lamp object at 0x7f0d1ce03358>]
CREATE: (2000, 100) <class 'objects.lamp.lamp.Lamp'>
 + + + ADD LAMP + + + [2000, 100]
before: [<objects.lamp.lamp.Lamp object at 0x7f0d1e249a58>, <objects.lamp.lamp.Lamp object at 0x7f0d1e249ac8>, <objects.lamp.lamp.Lamp object at 0x7f0d1e249ba8>, <objects.lamp.lamp.Lamp object at 0x7f0d1e249c18>, <objects.lamp.lamp.Lamp object at 0x7f0d1e249c88>, <objects.lamp.lamp.Lamp object at 0x7f0d1e249cf8>, <objects.lamp.lamp.Lamp object at 0x7f0d1e249d68>, <objects.lamp.lamp.Lamp object at 0x7f0d1e249dd8>, <objects.lamp.lamp.Lamp object at 0x7f0d1e249e48>, <objects.lamp.lamp.Lamp object at 0x7f0d1e249eb8>, <objects.lamp.lamp.Lamp object at 0x7f0d1cf46cf8>, <objects.lamp.lamp.Lamp object at 0x7f0d1cf46d68>, <objects.lamp.lamp.Lamp object at 0x7f0d1cf46dd8>, <objects.lamp.lamp.Lamp object at 0x7f0d1cf46e48>, <objects.lamp.lamp.Lamp object at 0x7f0d1cf46eb8>, <objects.lamp.lamp.Lamp object at 0x7f0d1cf46f28>, <objects.lamp.lamp.Lamp object at 0x7f0d1cf46f98>, <objects.lamp.lamp.Lamp object at 0x7f0d1ce03048>, <objects.lamp.lamp.Lamp object at 0x7f0d1ce030b8>, <objects.lamp.lamp.Lamp object at 0x7f0d1ce03128>, <objects.lamp.lamp.Lamp object at 0x7f0d1ce03198>, <objects.lamp.lamp.Lamp object at 0x7f0d1ce03208>, <objects.lamp.lamp.Lamp object at 0x7f0d1ce03278>, <objects.lamp.lamp.Lamp object at 0x7f0d1ce032e8>, <objects.lamp.lamp.Lamp object at 0x7f0d1ce03358>]
after: [<objects.lamp.lamp.Lamp object at 0x7f0d1e249a58>, <objects.lamp.lamp.Lamp object at 0x7f0d1e249ac8>, <objects.lamp.lamp.Lamp object at 0x7f0d1e249ba8>, <objects.lamp.lamp.Lamp object at 0x7f0d1e249c18>, <objects.lamp.lamp.Lamp object at 0x7f0d1e249c88>, <objects.lamp.lamp.Lamp object at 0x7f0d1e249cf8>, <objects.lamp.lamp.Lamp object at 0x7f0d1e249d68>, <objects.lamp.lamp.Lamp object at 0x7f0d1e249dd8>, <objects.lamp.lamp.Lamp object at 0x7f0d1e249e48>, <objects.lamp.lamp.Lamp object at 0x7f0d1e249eb8>, <objects.lamp.lamp.Lamp object at 0x7f0d1cf46cf8>, <objects.lamp.lamp.Lamp object at 0x7f0d1cf46d68>, <objects.lamp.lamp.Lamp object at 0x7f0d1cf46dd8>, <objects.lamp.lamp.Lamp object at 0x7f0d1cf46e48>, <objects.lamp.lamp.Lamp object at 0x7f0d1cf46eb8>, <objects.lamp.lamp.Lamp object at 0x7f0d1cf46f28>, <objects.lamp.lamp.Lamp object at 0x7f0d1cf46f98>, <objects.lamp.lamp.Lamp object at 0x7f0d1ce03048>, <objects.lamp.lamp.Lamp object at 0x7f0d1ce030b8>, <objects.lamp.lamp.Lamp object at 0x7f0d1ce03128>, <objects.lamp.lamp.Lamp object at 0x7f0d1ce03198>, <objects.lamp.lamp.Lamp object at 0x7f0d1ce03208>, <objects.lamp.lamp.Lamp object at 0x7f0d1ce03278>, <objects.lamp.lamp.Lamp object at 0x7f0d1ce032e8>, <objects.lamp.lamp.Lamp object at 0x7f0d1ce03358>, <objects.lamp.lamp.Lamp object at 0x7f0d1ce033c8>]
>>>>>>>>>>>> res_map_lamps [{'name': 'Lamp', 'pos': (800, 0)}, {'name': 'Lamp', 'pos': (4000, 0)}]
.. .. .. redraw_texture texture <objects.start.start.Start object at 0x7f0d1e2499e8>
.. .. .. redraw_texture texture <objects.lamp.lamp.Lamp object at 0x7f0d1e249a58>
.. .. .. redraw_texture texture <objects.lamp.lamp.Lamp object at 0x7f0d1e249ba8>
.. .. .. redraw_texture texture <objects.lamp.lamp.Lamp object at 0x7f0d1e249c88>
.. .. .. redraw_texture texture <objects.lamp.lamp.Lamp object at 0x7f0d1e249d68>
.. .. .. redraw_texture texture <objects.lamp.lamp.Lamp object at 0x7f0d1e249e48>
.. .. .. redraw_texture texture <objects.lamp.lamp.Lamp object at 0x7f0d1cf46cf8>
.. .. .. redraw_texture texture <objects.lamp.lamp.Lamp object at 0x7f0d1cf46dd8>
.. .. .. redraw_texture texture <objects.lamp.lamp.Lamp object at 0x7f0d1cf46eb8>
.. .. .. redraw_texture texture <objects.lamp.lamp.Lamp object at 0x7f0d1cf46f98>
.. .. .. redraw_texture texture <objects.lamp.lamp.Lamp object at 0x7f0d1ce030b8>
.. .. .. redraw_texture texture <objects.lamp.lamp.Lamp object at 0x7f0d1ce03198>
.. .. .. redraw_texture texture <objects.lamp.lamp.Lamp object at 0x7f0d1ce03278>
.. .. .. redraw_texture texture <objects.lamp.lamp.Lamp object at 0x7f0d1ce03358>
on_landing
CREATE: (300, 100) <class 'objects.lamp.lamp.Lamp'>
 + + + ADD LAMP + + + [300, 100]
before: [<objects.lamp.lamp.Lamp object at 0x7f0d1e249a58>, <objects.lamp.lamp.Lamp object at 0x7f0d1e249ac8>, <objects.lamp.lamp.Lamp object at 0x7f0d1e249ba8>, <objects.lamp.lamp.Lamp object at 0x7f0d1e249c18>, <objects.lamp.lamp.Lamp object at 0x7f0d1e249c88>, <objects.lamp.lamp.Lamp object at 0x7f0d1e249cf8>, <objects.lamp.lamp.Lamp object at 0x7f0d1e249d68>, <objects.lamp.lamp.Lamp object at 0x7f0d1e249dd8>, <objects.lamp.lamp.Lamp object at 0x7f0d1e249e48>, <objects.lamp.lamp.Lamp object at 0x7f0d1e249eb8>, <objects.lamp.lamp.Lamp object at 0x7f0d1cf46cf8>, <objects.lamp.lamp.Lamp object at 0x7f0d1cf46d68>, <objects.lamp.lamp.Lamp object at 0x7f0d1cf46dd8>, <objects.lamp.lamp.Lamp object at 0x7f0d1cf46e48>, <objects.lamp.lamp.Lamp object at 0x7f0d1cf46eb8>, <objects.lamp.lamp.Lamp object at 0x7f0d1cf46f28>, <objects.lamp.lamp.Lamp object at 0x7f0d1cf46f98>, <objects.lamp.lamp.Lamp object at 0x7f0d1ce03048>, <objects.lamp.lamp.Lamp object at 0x7f0d1ce030b8>, <objects.lamp.lamp.Lamp object at 0x7f0d1ce03128>, <objects.lamp.lamp.Lamp object at 0x7f0d1ce03198>, <objects.lamp.lamp.Lamp object at 0x7f0d1ce03208>, <objects.lamp.lamp.Lamp object at 0x7f0d1ce03278>, <objects.lamp.lamp.Lamp object at 0x7f0d1ce032e8>, <objects.lamp.lamp.Lamp object at 0x7f0d1ce03358>, <objects.lamp.lamp.Lamp object at 0x7f0d1ce033c8>]
after: [<objects.lamp.lamp.Lamp object at 0x7f0d1e249a58>, <objects.lamp.lamp.Lamp object at 0x7f0d1e249ac8>, <objects.lamp.lamp.Lamp object at 0x7f0d1e249ba8>, <objects.lamp.lamp.Lamp object at 0x7f0d1e249c18>, <objects.lamp.lamp.Lamp object at 0x7f0d1e249c88>, <objects.lamp.lamp.Lamp object at 0x7f0d1e249cf8>, <objects.lamp.lamp.Lamp object at 0x7f0d1e249d68>, <objects.lamp.lamp.Lamp object at 0x7f0d1e249dd8>, <objects.lamp.lamp.Lamp object at 0x7f0d1e249e48>, <objects.lamp.lamp.Lamp object at 0x7f0d1e249eb8>, <objects.lamp.lamp.Lamp object at 0x7f0d1cf46cf8>, <objects.lamp.lamp.Lamp object at 0x7f0d1cf46d68>, <objects.lamp.lamp.Lamp object at 0x7f0d1cf46dd8>, <objects.lamp.lamp.Lamp object at 0x7f0d1cf46e48>, <objects.lamp.lamp.Lamp object at 0x7f0d1cf46eb8>, <objects.lamp.lamp.Lamp object at 0x7f0d1cf46f28>, <objects.lamp.lamp.Lamp object at 0x7f0d1cf46f98>, <objects.lamp.lamp.Lamp object at 0x7f0d1ce03048>, <objects.lamp.lamp.Lamp object at 0x7f0d1ce030b8>, <objects.lamp.lamp.Lamp object at 0x7f0d1ce03128>, <objects.lamp.lamp.Lamp object at 0x7f0d1ce03198>, <objects.lamp.lamp.Lamp object at 0x7f0d1ce03208>, <objects.lamp.lamp.Lamp object at 0x7f0d1ce03278>, <objects.lamp.lamp.Lamp object at 0x7f0d1ce032e8>, <objects.lamp.lamp.Lamp object at 0x7f0d1ce03358>, <objects.lamp.lamp.Lamp object at 0x7f0d1ce033c8>, <objects.lamp.lamp.Lamp object at 0x7f0d1ce03438>]
CREATE: (2000, 100) <class 'objects.lamp.lamp.Lamp'>
 + + + ADD LAMP + + + [2000, 100]
before: [<objects.lamp.lamp.Lamp object at 0x7f0d1e249a58>, <objects.lamp.lamp.Lamp object at 0x7f0d1e249ac8>, <objects.lamp.lamp.Lamp object at 0x7f0d1e249ba8>, <objects.lamp.lamp.Lamp object at 0x7f0d1e249c18>, <objects.lamp.lamp.Lamp object at 0x7f0d1e249c88>, <objects.lamp.lamp.Lamp object at 0x7f0d1e249cf8>, <objects.lamp.lamp.Lamp object at 0x7f0d1e249d68>, <objects.lamp.lamp.Lamp object at 0x7f0d1e249dd8>, <objects.lamp.lamp.Lamp object at 0x7f0d1e249e48>, <objects.lamp.lamp.Lamp object at 0x7f0d1e249eb8>, <objects.lamp.lamp.Lamp object at 0x7f0d1cf46cf8>, <objects.lamp.lamp.Lamp object at 0x7f0d1cf46d68>, <objects.lamp.lamp.Lamp object at 0x7f0d1cf46dd8>, <objects.lamp.lamp.Lamp object at 0x7f0d1cf46e48>, <objects.lamp.lamp.Lamp object at 0x7f0d1cf46eb8>, <objects.lamp.lamp.Lamp object at 0x7f0d1cf46f28>, <objects.lamp.lamp.Lamp object at 0x7f0d1cf46f98>, <objects.lamp.lamp.Lamp object at 0x7f0d1ce03048>, <objects.lamp.lamp.Lamp object at 0x7f0d1ce030b8>, <objects.lamp.lamp.Lamp object at 0x7f0d1ce03128>, <objects.lamp.lamp.Lamp object at 0x7f0d1ce03198>, <objects.lamp.lamp.Lamp object at 0x7f0d1ce03208>, <objects.lamp.lamp.Lamp object at 0x7f0d1ce03278>, <objects.lamp.lamp.Lamp object at 0x7f0d1ce032e8>, <objects.lamp.lamp.Lamp object at 0x7f0d1ce03358>, <objects.lamp.lamp.Lamp object at 0x7f0d1ce033c8>, <objects.lamp.lamp.Lamp object at 0x7f0d1ce03438>]
after: [<objects.lamp.lamp.Lamp object at 0x7f0d1e249a58>, <objects.lamp.lamp.Lamp object at 0x7f0d1e249ac8>, <objects.lamp.lamp.Lamp object at 0x7f0d1e249ba8>, <objects.lamp.lamp.Lamp object at 0x7f0d1e249c18>, <objects.lamp.lamp.Lamp object at 0x7f0d1e249c88>, <objects.lamp.lamp.Lamp object at 0x7f0d1e249cf8>, <objects.lamp.lamp.Lamp object at 0x7f0d1e249d68>, <objects.lamp.lamp.Lamp object at 0x7f0d1e249dd8>, <objects.lamp.lamp.Lamp object at 0x7f0d1e249e48>, <objects.lamp.lamp.Lamp object at 0x7f0d1e249eb8>, <objects.lamp.lamp.Lamp object at 0x7f0d1cf46cf8>, <objects.lamp.lamp.Lamp object at 0x7f0d1cf46d68>, <objects.lamp.lamp.Lamp object at 0x7f0d1cf46dd8>, <objects.lamp.lamp.Lamp object at 0x7f0d1cf46e48>, <objects.lamp.lamp.Lamp object at 0x7f0d1cf46eb8>, <objects.lamp.lamp.Lamp object at 0x7f0d1cf46f28>, <objects.lamp.lamp.Lamp object at 0x7f0d1cf46f98>, <objects.lamp.lamp.Lamp object at 0x7f0d1ce03048>, <objects.lamp.lamp.Lamp object at 0x7f0d1ce030b8>, <objects.lamp.lamp.Lamp object at 0x7f0d1ce03128>, <objects.lamp.lamp.Lamp object at 0x7f0d1ce03198>, <objects.lamp.lamp.Lamp object at 0x7f0d1ce03208>, <objects.lamp.lamp.Lamp object at 0x7f0d1ce03278>, <objects.lamp.lamp.Lamp object at 0x7f0d1ce032e8>, <objects.lamp.lamp.Lamp object at 0x7f0d1ce03358>, <objects.lamp.lamp.Lamp object at 0x7f0d1ce033c8>, <objects.lamp.lamp.Lamp object at 0x7f0d1ce03438>, <objects.lamp.lamp.Lamp object at 0x7f0d1ce034a8>]
>>>>>>>>>>>> res_map_lamps [{'name': 'Lamp', 'pos': (800, 0)}, {'name': 'Lamp', 'pos': (4000, 0)}]
.. .. .. redraw_texture texture <objects.start.start.Start object at 0x7f0d1e2499e8>
.. .. .. redraw_texture texture <objects.lamp.lamp.Lamp object at 0x7f0d1e249a58>
.. .. .. redraw_texture texture <objects.lamp.lamp.Lamp object at 0x7f0d1e249ba8>
.. .. .. redraw_texture texture <objects.lamp.lamp.Lamp object at 0x7f0d1e249c88>
.. .. .. redraw_texture texture <objects.lamp.lamp.Lamp object at 0x7f0d1e249d68>
.. .. .. redraw_texture texture <objects.lamp.lamp.Lamp object at 0x7f0d1e249e48>
.. .. .. redraw_texture texture <objects.lamp.lamp.Lamp object at 0x7f0d1cf46cf8>
.. .. .. redraw_texture texture <objects.lamp.lamp.Lamp object at 0x7f0d1cf46dd8>
.. .. .. redraw_texture texture <objects.lamp.lamp.Lamp object at 0x7f0d1cf46eb8>
.. .. .. redraw_texture texture <objects.lamp.lamp.Lamp object at 0x7f0d1cf46f98>
.. .. .. redraw_texture texture <objects.lamp.lamp.Lamp object at 0x7f0d1ce030b8>
.. .. .. redraw_texture texture <objects.lamp.lamp.Lamp object at 0x7f0d1ce03198>
.. .. .. redraw_texture texture <objects.lamp.lamp.Lamp object at 0x7f0d1ce03278>
.. .. .. redraw_texture texture <objects.lamp.lamp.Lamp object at 0x7f0d1ce03358>
.. .. .. redraw_texture texture <objects.lamp.lamp.Lamp object at 0x7f0d1ce03438>
on_landing
CREATE: (300, 100) <class 'objects.lamp.lamp.Lamp'>
 + + + ADD LAMP + + + [300, 100]
before: [<objects.lamp.lamp.Lamp object at 0x7f0d1e249a58>, <objects.lamp.lamp.Lamp object at 0x7f0d1e249ac8>, <objects.lamp.lamp.Lamp object at 0x7f0d1e249ba8>, <objects.lamp.lamp.Lamp object at 0x7f0d1e249c18>, <objects.lamp.lamp.Lamp object at 0x7f0d1e249c88>, <objects.lamp.lamp.Lamp object at 0x7f0d1e249cf8>, <objects.lamp.lamp.Lamp object at 0x7f0d1e249d68>, <objects.lamp.lamp.Lamp object at 0x7f0d1e249dd8>, <objects.lamp.lamp.Lamp object at 0x7f0d1e249e48>, <objects.lamp.lamp.Lamp object at 0x7f0d1e249eb8>, <objects.lamp.lamp.Lamp object at 0x7f0d1cf46cf8>, <objects.lamp.lamp.Lamp object at 0x7f0d1cf46d68>, <objects.lamp.lamp.Lamp object at 0x7f0d1cf46dd8>, <objects.lamp.lamp.Lamp object at 0x7f0d1cf46e48>, <objects.lamp.lamp.Lamp object at 0x7f0d1cf46eb8>, <objects.lamp.lamp.Lamp object at 0x7f0d1cf46f28>, <objects.lamp.lamp.Lamp object at 0x7f0d1cf46f98>, <objects.lamp.lamp.Lamp object at 0x7f0d1ce03048>, <objects.lamp.lamp.Lamp object at 0x7f0d1ce030b8>, <objects.lamp.lamp.Lamp object at 0x7f0d1ce03128>, <objects.lamp.lamp.Lamp object at 0x7f0d1ce03198>, <objects.lamp.lamp.Lamp object at 0x7f0d1ce03208>, <objects.lamp.lamp.Lamp object at 0x7f0d1ce03278>, <objects.lamp.lamp.Lamp object at 0x7f0d1ce032e8>, <objects.lamp.lamp.Lamp object at 0x7f0d1ce03358>, <objects.lamp.lamp.Lamp object at 0x7f0d1ce033c8>, <objects.lamp.lamp.Lamp object at 0x7f0d1ce03438>, <objects.lamp.lamp.Lamp object at 0x7f0d1ce034a8>]
after: [<objects.lamp.lamp.Lamp object at 0x7f0d1e249a58>, <objects.lamp.lamp.Lamp object at 0x7f0d1e249ac8>, <objects.lamp.lamp.Lamp object at 0x7f0d1e249ba8>, <objects.lamp.lamp.Lamp object at 0x7f0d1e249c18>, <objects.lamp.lamp.Lamp object at 0x7f0d1e249c88>, <objects.lamp.lamp.Lamp object at 0x7f0d1e249cf8>, <objects.lamp.lamp.Lamp object at 0x7f0d1e249d68>, <objects.lamp.lamp.Lamp object at 0x7f0d1e249dd8>, <objects.lamp.lamp.Lamp object at 0x7f0d1e249e48>, <objects.lamp.lamp.Lamp object at 0x7f0d1e249eb8>, <objects.lamp.lamp.Lamp object at 0x7f0d1cf46cf8>, <objects.lamp.lamp.Lamp object at 0x7f0d1cf46d68>, <objects.lamp.lamp.Lamp object at 0x7f0d1cf46dd8>, <objects.lamp.lamp.Lamp object at 0x7f0d1cf46e48>, <objects.lamp.lamp.Lamp object at 0x7f0d1cf46eb8>, <objects.lamp.lamp.Lamp object at 0x7f0d1cf46f28>, <objects.lamp.lamp.Lamp object at 0x7f0d1cf46f98>, <objects.lamp.lamp.Lamp object at 0x7f0d1ce03048>, <objects.lamp.lamp.Lamp object at 0x7f0d1ce030b8>, <objects.lamp.lamp.Lamp object at 0x7f0d1ce03128>, <objects.lamp.lamp.Lamp object at 0x7f0d1ce03198>, <objects.lamp.lamp.Lamp object at 0x7f0d1ce03208>, <objects.lamp.lamp.Lamp object at 0x7f0d1ce03278>, <objects.lamp.lamp.Lamp object at 0x7f0d1ce032e8>, <objects.lamp.lamp.Lamp object at 0x7f0d1ce03358>, <objects.lamp.lamp.Lamp object at 0x7f0d1ce033c8>, <objects.lamp.lamp.Lamp object at 0x7f0d1ce03438>, <objects.lamp.lamp.Lamp object at 0x7f0d1ce034a8>, <objects.lamp.lamp.Lamp object at 0x7f0d1ce03518>]
CREATE: (2000, 100) <class 'objects.lamp.lamp.Lamp'>
 + + + ADD LAMP + + + [2000, 100]
before: [<objects.lamp.lamp.Lamp object at 0x7f0d1e249a58>, <objects.lamp.lamp.Lamp object at 0x7f0d1e249ac8>, <objects.lamp.lamp.Lamp object at 0x7f0d1e249ba8>, <objects.lamp.lamp.Lamp object at 0x7f0d1e249c18>, <objects.lamp.lamp.Lamp object at 0x7f0d1e249c88>, <objects.lamp.lamp.Lamp object at 0x7f0d1e249cf8>, <objects.lamp.lamp.Lamp object at 0x7f0d1e249d68>, <objects.lamp.lamp.Lamp object at 0x7f0d1e249dd8>, <objects.lamp.lamp.Lamp object at 0x7f0d1e249e48>, <objects.lamp.lamp.Lamp object at 0x7f0d1e249eb8>, <objects.lamp.lamp.Lamp object at 0x7f0d1cf46cf8>, <objects.lamp.lamp.Lamp object at 0x7f0d1cf46d68>, <objects.lamp.lamp.Lamp object at 0x7f0d1cf46dd8>, <objects.lamp.lamp.Lamp object at 0x7f0d1cf46e48>, <objects.lamp.lamp.Lamp object at 0x7f0d1cf46eb8>, <objects.lamp.lamp.Lamp object at 0x7f0d1cf46f28>, <objects.lamp.lamp.Lamp object at 0x7f0d1cf46f98>, <objects.lamp.lamp.Lamp object at 0x7f0d1ce03048>, <objects.lamp.lamp.Lamp object at 0x7f0d1ce030b8>, <objects.lamp.lamp.Lamp object at 0x7f0d1ce03128>, <objects.lamp.lamp.Lamp object at 0x7f0d1ce03198>, <objects.lamp.lamp.Lamp object at 0x7f0d1ce03208>, <objects.lamp.lamp.Lamp object at 0x7f0d1ce03278>, <objects.lamp.lamp.Lamp object at 0x7f0d1ce032e8>, <objects.lamp.lamp.Lamp object at 0x7f0d1ce03358>, <objects.lamp.lamp.Lamp object at 0x7f0d1ce033c8>, <objects.lamp.lamp.Lamp object at 0x7f0d1ce03438>, <objects.lamp.lamp.Lamp object at 0x7f0d1ce034a8>, <objects.lamp.lamp.Lamp object at 0x7f0d1ce03518>]
after: [<objects.lamp.lamp.Lamp object at 0x7f0d1e249a58>, <objects.lamp.lamp.Lamp object at 0x7f0d1e249ac8>, <objects.lamp.lamp.Lamp object at 0x7f0d1e249ba8>, <objects.lamp.lamp.Lamp object at 0x7f0d1e249c18>, <objects.lamp.lamp.Lamp object at 0x7f0d1e249c88>, <objects.lamp.lamp.Lamp object at 0x7f0d1e249cf8>, <objects.lamp.lamp.Lamp object at 0x7f0d1e249d68>, <objects.lamp.lamp.Lamp object at 0x7f0d1e249dd8>, <objects.lamp.lamp.Lamp object at 0x7f0d1e249e48>, <objects.lamp.lamp.Lamp object at 0x7f0d1e249eb8>, <objects.lamp.lamp.Lamp object at 0x7f0d1cf46cf8>, <objects.lamp.lamp.Lamp object at 0x7f0d1cf46d68>, <objects.lamp.lamp.Lamp object at 0x7f0d1cf46dd8>, <objects.lamp.lamp.Lamp object at 0x7f0d1cf46e48>, <objects.lamp.lamp.Lamp object at 0x7f0d1cf46eb8>, <objects.lamp.lamp.Lamp object at 0x7f0d1cf46f28>, <objects.lamp.lamp.Lamp object at 0x7f0d1cf46f98>, <objects.lamp.lamp.Lamp object at 0x7f0d1ce03048>, <objects.lamp.lamp.Lamp object at 0x7f0d1ce030b8>, <objects.lamp.lamp.Lamp object at 0x7f0d1ce03128>, <objects.lamp.lamp.Lamp object at 0x7f0d1ce03198>, <objects.lamp.lamp.Lamp object at 0x7f0d1ce03208>, <objects.lamp.lamp.Lamp object at 0x7f0d1ce03278>, <objects.lamp.lamp.Lamp object at 0x7f0d1ce032e8>, <objects.lamp.lamp.Lamp object at 0x7f0d1ce03358>, <objects.lamp.lamp.Lamp object at 0x7f0d1ce033c8>, <objects.lamp.lamp.Lamp object at 0x7f0d1ce03438>, <objects.lamp.lamp.Lamp object at 0x7f0d1ce034a8>, <objects.lamp.lamp.Lamp object at 0x7f0d1ce03518>, <objects.lamp.lamp.Lamp object at 0x7f0d1ce03588>]
>>>>>>>>>>>> res_map_lamps [{'name': 'Lamp', 'pos': (800, 0)}, {'name': 'Lamp', 'pos': (4000, 0)}]
.. .. .. redraw_texture texture <objects.start.start.Start object at 0x7f0d1e2499e8>
.. .. .. redraw_texture texture <objects.lamp.lamp.Lamp object at 0x7f0d1e249a58>
.. .. .. redraw_texture texture <objects.lamp.lamp.Lamp object at 0x7f0d1e249ba8>
.. .. .. redraw_texture texture <objects.lamp.lamp.Lamp object at 0x7f0d1e249c88>
.. .. .. redraw_texture texture <objects.lamp.lamp.Lamp object at 0x7f0d1e249d68>
.. .. .. redraw_texture texture <objects.lamp.lamp.Lamp object at 0x7f0d1e249e48>
.. .. .. redraw_texture texture <objects.lamp.lamp.Lamp object at 0x7f0d1cf46cf8>
.. .. .. redraw_texture texture <objects.lamp.lamp.Lamp object at 0x7f0d1cf46dd8>
.. .. .. redraw_texture texture <objects.lamp.lamp.Lamp object at 0x7f0d1cf46eb8>
.. .. .. redraw_texture texture <objects.lamp.lamp.Lamp object at 0x7f0d1cf46f98>
.. .. .. redraw_texture texture <objects.lamp.lamp.Lamp object at 0x7f0d1ce030b8>
.. .. .. redraw_texture texture <objects.lamp.lamp.Lamp object at 0x7f0d1ce03198>
.. .. .. redraw_texture texture <objects.lamp.lamp.Lamp object at 0x7f0d1ce03278>
.. .. .. redraw_texture texture <objects.lamp.lamp.Lamp object at 0x7f0d1ce03358>
.. .. .. redraw_texture texture <objects.lamp.lamp.Lamp object at 0x7f0d1ce03438>
.. .. .. redraw_texture texture <objects.lamp.lamp.Lamp object at 0x7f0d1ce03518>
on_landing
landing_stop
wait_start
+ wait_start
[INFO   ] [Base        ] Leaving application in progress...

Process finished with exit code 0
