/home/mmc/PycharmProjects/ride_me/venv/bin/python /home/mmc/PycharmProjects/ride_me/main.py
[INFO   ] [Logger      ] Record log in /home/mmc/.kivy/logs/kivy_20-09-09_33.txt
[INFO   ] [Kivy        ] v1.11.1
[INFO   ] [Kivy        ] Installed at "/home/mmc/PycharmProjects/ride_me/venv/lib/python3.6/site-packages/kivy/__init__.py"
[INFO   ] [Python      ] v3.6.9 (default, Jul 17 2020, 12:50:27)
[GCC 8.4.0]
[INFO   ] [Python      ] Interpreter at "/home/mmc/PycharmProjects/ride_me/venv/bin/python"
[INFO   ] [Factory     ] 184 symbols loaded
[INFO   ] [ImageLoaderFFPy] Using ffpyplayer 4.3.1
[INFO   ] [Image       ] Providers: img_tex, img_dds, img_sdl2, img_ffpyplayer, img_gif (img_pil ignored)
[INFO   ] [Window      ] Provider: sdl2(['window_egl_rpi'] ignored)
[INFO   ] [GL          ] Using the "OpenGL" graphics system
[INFO   ] [GL          ] Backend used <sdl2>
[INFO   ] [GL          ] OpenGL version <b'3.0 Mesa 20.0.8'>
[INFO   ] [GL          ] OpenGL vendor <b'Intel Open Source Technology Center'>
[INFO   ] [GL          ] OpenGL renderer <b'Mesa DRI Intel(R) HD Graphics 4600 (HSW GT2)'>
[INFO   ] [GL          ] OpenGL parsed version: 3, 0
[INFO   ] [GL          ] Shading version <b'1.30'>
[INFO   ] [GL          ] Texture max size <16384>
[INFO   ] [GL          ] Texture max units <32>
[INFO   ] [Window      ] auto add sdl2 input provider
[INFO   ] [Window      ] virtual keyboard not allowed, single mode, not docked
[INFO   ] [Text        ] Provider: sdl2
[INFO   ] [GL          ] NPOT texture support is available
[INFO   ] [GL          ] Unpack subimage support is available

ON_LANDING & on_landing, (pre: undefined)
. try set on_landing => on_landing(pre: undefined).
+ Set on_landing => on_landing, (pre: undefined). Speed: 0| Acceleration: 0
	x/y = 80 / 328

[INFO   ] [ProbeSysfs  ] device match: /dev/input/event4
[INFO   ] [MTD         ] Read event from </dev/input/event4>
[INFO   ] [Base        ] Start application main loop
[WARNING] [MTD         ] Unable to open device "/dev/input/event4". Please ensure you have the appropriate permissions.

. try set on_landing => on_landing(pre: on_landing).
+ Set on_landing => on_landing, (pre: on_landing). Speed: 0| Acceleration: 0
	x/y = 80 / 328
. try set on_landing => on_landing(pre: on_landing).
+ Set on_landing => on_landing, (pre: on_landing). Speed: 0.2| Acceleration: 0
	x/y = 80 / 328
. try set on_landing => on_landing(pre: on_landing).
+ Set on_landing => on_landing, (pre: on_landing). Speed: 0.4| Acceleration: 0
	x/y = 80 / 327.8
. try set on_landing => on_landing(pre: on_landing).
+ Set on_landing => on_landing, (pre: on_landing). Speed: 0.6000000000000001| Acceleration: 0
	x/y = 80 / 327.40000000000003
. try set on_landing => on_landing(pre: on_landing).
+ Set on_landing => on_landing, (pre: on_landing). Speed: 0.8| Acceleration: 0
	x/y = 80 / 326.8
. try set on_landing => on_landing(pre: on_landing).
+ Set on_landing => on_landing, (pre: on_landing). Speed: 1.0| Acceleration: 0
	x/y = 80 / 326.0
. try set on_landing => on_landing(pre: on_landing).
+ Set on_landing => on_landing, (pre: on_landing). Speed: 1.2| Acceleration: 0
	x/y = 80 / 325.0
. try set on_landing => on_landing(pre: on_landing).
+ Set on_landing => on_landing, (pre: on_landing). Speed: 1.4| Acceleration: 0
	x/y = 80 / 323.8
. try set on_landing => on_landing(pre: on_landing).
+ Set on_landing => on_landing, (pre: on_landing). Speed: 1.5999999999999999| Acceleration: 0
	x/y = 80 / 322.40000000000003
. try set on_landing => on_landing(pre: on_landing).
+ Set on_landing => on_landing, (pre: on_landing). Speed: 1.7999999999999998| Acceleration: 0
	x/y = 80 / 320.8
. try set on_landing => on_landing(pre: on_landing).
+ Set on_landing => on_landing, (pre: on_landing). Speed: 1.9999999999999998| Acceleration: 0
	x/y = 80 / 319.0
. try set on_landing => on_landing(pre: on_landing).
+ Set on_landing => on_landing, (pre: on_landing). Speed: 2.1999999999999997| Acceleration: 0
	x/y = 80 / 317.0
. try set on_landing => on_landing(pre: on_landing).
+ Set on_landing => on_landing, (pre: on_landing). Speed: 2.4| Acceleration: 0
	x/y = 80 / 314.8
. try set on_landing => on_landing(pre: on_landing).
+ Set on_landing => on_landing, (pre: on_landing). Speed: 2.6| Acceleration: 0
	x/y = 80 / 312.40000000000003
. try set on_landing => on_landing(pre: on_landing).
+ Set on_landing => on_landing, (pre: on_landing). Speed: 2.8000000000000003| Acceleration: 0
	x/y = 80 / 309.8
. try set on_landing => on_landing(pre: on_landing).
+ Set on_landing => on_landing, (pre: on_landing). Speed: 3.0000000000000004| Acceleration: 0
	x/y = 80 / 307.0
. try set on_landing => on_landing(pre: on_landing).
+ Set on_landing => on_landing, (pre: on_landing). Speed: 3.2000000000000006| Acceleration: 0
	x/y = 80 / 304.0
. try set on_landing => on_landing(pre: on_landing).
+ Set on_landing => on_landing, (pre: on_landing). Speed: 3.400000000000001| Acceleration: 0
	x/y = 80 / 300.8
. try set on_landing => on_landing(pre: on_landing).
+ Set on_landing => on_landing, (pre: on_landing). Speed: 3.600000000000001| Acceleration: 0
	x/y = 80 / 297.40000000000003
. try set on_landing => on_landing(pre: on_landing).
+ Set on_landing => on_landing, (pre: on_landing). Speed: 3.800000000000001| Acceleration: 0
	x/y = 80 / 293.8
. try set on_landing => on_landing(pre: on_landing).
+ Set on_landing => on_landing, (pre: on_landing). Speed: 4.000000000000001| Acceleration: 0
	x/y = 80 / 290.0
. try set on_landing => on_landing(pre: on_landing).
+ Set on_landing => on_landing, (pre: on_landing). Speed: 4.200000000000001| Acceleration: 0
	x/y = 80 / 286.0
. try set on_landing => on_landing(pre: on_landing).
+ Set on_landing => on_landing, (pre: on_landing). Speed: 4.400000000000001| Acceleration: 0
	x/y = 80 / 281.8
. try set on_landing => on_landing(pre: on_landing).
+ Set on_landing => on_landing, (pre: on_landing). Speed: 4.600000000000001| Acceleration: 0
	x/y = 80 / 277.40000000000003
. try set on_landing => on_landing(pre: on_landing).
+ Set on_landing => on_landing, (pre: on_landing). Speed: 4.800000000000002| Acceleration: 0
	x/y = 80 / 272.8
. try set on_landing => on_landing(pre: on_landing).
+ Set on_landing => on_landing, (pre: on_landing). Speed: 5.000000000000002| Acceleration: 0
	x/y = 80 / 268.0
. try set on_landing => on_landing(pre: on_landing).
+ Set on_landing => on_landing, (pre: on_landing). Speed: 5.200000000000002| Acceleration: 0
	x/y = 80 / 263.0
. try set on_landing => on_landing(pre: on_landing).
+ Set on_landing => on_landing, (pre: on_landing). Speed: 5.400000000000002| Acceleration: 0
	x/y = 80 / 257.8
. try set on_landing => on_landing(pre: on_landing).
+ Set on_landing => on_landing, (pre: on_landing). Speed: 5.600000000000002| Acceleration: 0
	x/y = 80 / 252.4
. try set on_landing => on_landing(pre: on_landing).
+ Set on_landing => on_landing, (pre: on_landing). Speed: 5.8000000000000025| Acceleration: 0
	x/y = 80 / 246.8
. try set on_landing => on_landing(pre: on_landing).
+ Set on_landing => on_landing, (pre: on_landing). Speed: 6.000000000000003| Acceleration: 0
	x/y = 80 / 241.0
. try set on_landing => on_landing(pre: on_landing).
+ Set on_landing => on_landing, (pre: on_landing). Speed: 6.200000000000003| Acceleration: 0
	x/y = 80 / 235.0
. try set on_landing => on_landing(pre: on_landing).
+ Set on_landing => on_landing, (pre: on_landing). Speed: 6.400000000000003| Acceleration: 0
	x/y = 80 / 228.8
. try set on_landing => on_landing(pre: on_landing).
+ Set on_landing => on_landing, (pre: on_landing). Speed: 6.600000000000003| Acceleration: 0
	x/y = 80 / 222.4
. try set on_landing => on_landing(pre: on_landing).
+ Set on_landing => on_landing, (pre: on_landing). Speed: 6.800000000000003| Acceleration: 0
	x/y = 80 / 215.8
. try set on_landing => on_landing(pre: on_landing).
+ Set on_landing => on_landing, (pre: on_landing). Speed: 7.0000000000000036| Acceleration: 0
	x/y = 80 / 209.0
. try set on_landing => on_landing(pre: on_landing).
+ Set on_landing => on_landing, (pre: on_landing). Speed: 7.200000000000004| Acceleration: 0
	x/y = 80 / 202.0
. try set on_landing => on_landing(pre: on_landing).
+ Set on_landing => on_landing, (pre: on_landing). Speed: 7.400000000000004| Acceleration: 0
	x/y = 80 / 194.79999999999998
. try set on_landing => on_landing(pre: on_landing).
+ Set on_landing => on_landing, (pre: on_landing). Speed: 7.600000000000004| Acceleration: 0
	x/y = 80 / 187.39999999999998
. try set on_landing => on_landing(pre: on_landing).
+ Set on_landing => on_landing, (pre: on_landing). Speed: 7.800000000000004| Acceleration: 0
	x/y = 80 / 179.79999999999998
. try set on_landing => on_landing(pre: on_landing).
+ Set on_landing => on_landing, (pre: on_landing). Speed: 8| Acceleration: 0
	x/y = 80 / 171.99999999999997
. try set on_landing => on_landing(pre: on_landing).
+ Set on_landing => on_landing, (pre: on_landing). Speed: 8| Acceleration: 0
	x/y = 80 / 163.99999999999997
. try set on_landing => on_landing(pre: on_landing).
+ Set on_landing => on_landing, (pre: on_landing). Speed: 8| Acceleration: 0
	x/y = 80 / 155.99999999999997
. try set on_landing => on_landing(pre: on_landing).
+ Set on_landing => on_landing, (pre: on_landing). Speed: 8| Acceleration: 0
	x/y = 80 / 147.99999999999997
. try set on_landing => on_landing(pre: on_landing).
+ Set on_landing => on_landing, (pre: on_landing). Speed: 8| Acceleration: 0
	x/y = 80 / 139.99999999999997
. try set on_landing => on_landing(pre: on_landing).
+ Set on_landing => on_landing, (pre: on_landing). Speed: 8| Acceleration: 0
	x/y = 80 / 131.99999999999997

	Contact with the land. BOOM!!!
	------------------------------

ON_WAIT & on_landing, (pre: on_landing)
. try set on_wait => on_landing(pre: on_landing).
+ Set on_wait => on_landing, (pre: on_landing). Speed: 8| Acceleration: 0
	x/y = 80 / 123.99999999999997

	Waiting for some actions!!!
	------------------------------

ON_MOVE & on_wait, (pre: on_landing)
. try set on_move => on_wait(pre: on_landing).
+ Set on_move => on_wait, (pre: on_landing). Speed: 0| Acceleration: 0
	x/y = 80 / 123.99999999999997
. try set on_move => on_move(pre: on_landing).
+ Set on_move => on_move, (pre: on_landing). Speed: 0| Acceleration: 0.2
	x/y = 80 / 123.99999999999997

. try set on_move => on_move(pre: on_move).
+ Set on_move => on_move, (pre: on_move). Speed: 0.2| Acceleration: 0.2
	x/y = 80 / 123.99999999999997

. try set on_move => on_move(pre: on_move).
+ Set on_move => on_move, (pre: on_move). Speed: 0.4| Acceleration: 0.2
	x/y = 80.2 / 123.99999999999997

. try set on_move => on_move(pre: on_move).
+ Set on_move => on_move, (pre: on_move). Speed: 0.6000000000000001| Acceleration: 0.2
	x/y = 80.60000000000001 / 123.99999999999997

. try set on_move => on_move(pre: on_move).
+ Set on_move => on_move, (pre: on_move). Speed: 0.8| Acceleration: 0.2
	x/y = 81.2 / 123.99999999999997

. try set on_move => on_move(pre: on_move).
+ Set on_move => on_move, (pre: on_move). Speed: 1.0| Acceleration: 0.2
	x/y = 82.0 / 123.99999999999997

. try set on_move => on_move(pre: on_move).
+ Set on_move => on_move, (pre: on_move). Speed: 1.2| Acceleration: 0.2
	x/y = 83.0 / 123.99999999999997

. try set on_move => on_move(pre: on_move).
+ Set on_move => on_move, (pre: on_move). Speed: 1.4| Acceleration: 0.2
	x/y = 84.2 / 123.99999999999997

. try set on_move => on_move(pre: on_move).
+ Set on_move => on_move, (pre: on_move). Speed: 1.5999999999999999| Acceleration: 0.2
	x/y = 85.60000000000001 / 123.99999999999997

. try set on_move => on_move(pre: on_move).
+ Set on_move => on_move, (pre: on_move). Speed: 1.7999999999999998| Acceleration: 0.2
	x/y = 87.2 / 123.99999999999997

. try set on_move => on_move(pre: on_move).
+ Set on_move => on_move, (pre: on_move). Speed: 1.9999999999999998| Acceleration: 0.2
	x/y = 89.0 / 123.99999999999997

. try set on_move => on_move(pre: on_move).
+ Set on_move => on_move, (pre: on_move). Speed: 2.1999999999999997| Acceleration: 0.2
	x/y = 91.0 / 123.99999999999997

. try set on_move => on_move(pre: on_move).
+ Set on_move => on_move, (pre: on_move). Speed: 2.4| Acceleration: 0.2
	x/y = 93.2 / 123.99999999999997

. try set on_move => on_move(pre: on_move).
+ Set on_move => on_move, (pre: on_move). Speed: 2.6| Acceleration: 0.2
	x/y = 95.60000000000001 / 123.99999999999997

. try set on_move => on_move(pre: on_move).
+ Set on_move => on_move, (pre: on_move). Speed: 2.8000000000000003| Acceleration: 0.2
	x/y = 98.2 / 123.99999999999997

. try set on_move => on_move(pre: on_move).
+ Set on_move => on_move, (pre: on_move). Speed: 3.0000000000000004| Acceleration: 0.2
	x/y = 101.0 / 123.99999999999997

. try set on_move => on_move(pre: on_move).
+ Set on_move => on_move, (pre: on_move). Speed: 3.2000000000000006| Acceleration: 0.2
	x/y = 104.0 / 123.99999999999997

. try set on_move => on_move(pre: on_move).
+ Set on_move => on_move, (pre: on_move). Speed: 3.400000000000001| Acceleration: 0.2
	x/y = 107.2 / 123.99999999999997

. try set on_move => on_move(pre: on_move).
+ Set on_move => on_move, (pre: on_move). Speed: 3.600000000000001| Acceleration: 0.2
	x/y = 110.60000000000001 / 123.99999999999997

. try set on_move => on_move(pre: on_move).
+ Set on_move => on_move, (pre: on_move). Speed: 3.800000000000001| Acceleration: 0.2
	x/y = 114.2 / 123.99999999999997

. try set on_move => on_move(pre: on_move).
+ Set on_move => on_move, (pre: on_move). Speed: 4.000000000000001| Acceleration: 0.2
	x/y = 118.0 / 123.99999999999997

. try set on_move => on_move(pre: on_move).
+ Set on_move => on_move, (pre: on_move). Speed: 4.200000000000001| Acceleration: 0.2
	x/y = 122.0 / 123.99999999999997

. try set on_move => on_move(pre: on_move).
+ Set on_move => on_move, (pre: on_move). Speed: 4.400000000000001| Acceleration: 0.2
	x/y = 126.2 / 123.99999999999997

. try set on_move => on_move(pre: on_move).
+ Set on_move => on_move, (pre: on_move). Speed: 4.600000000000001| Acceleration: 0.2
	x/y = 130.6 / 123.99999999999997

. try set on_move => on_move(pre: on_move).
+ Set on_move => on_move, (pre: on_move). Speed: 4.800000000000002| Acceleration: 0.2
	x/y = 135.2 / 123.99999999999997

. try set on_move => on_move(pre: on_move).
+ Set on_move => on_move, (pre: on_move). Speed: 5.000000000000002| Acceleration: 0.2
	x/y = 140.0 / 123.99999999999997

. try set on_move => on_move(pre: on_move).
+ Set on_move => on_move, (pre: on_move). Speed: 5.200000000000002| Acceleration: 0.2
	x/y = 145.0 / 123.99999999999997

. try set on_move => on_move(pre: on_move).
+ Set on_move => on_move, (pre: on_move). Speed: 5.400000000000002| Acceleration: 0.2
	x/y = 150.2 / 123.99999999999997

. try set on_move => on_move(pre: on_move).
+ Set on_move => on_move, (pre: on_move). Speed: 5.600000000000002| Acceleration: 0.2
	x/y = 155.6 / 123.99999999999997

. try set on_move => on_move(pre: on_move).
+ Set on_move => on_move, (pre: on_move). Speed: 5.8000000000000025| Acceleration: 0.2
	x/y = 161.2 / 123.99999999999997

. try set on_move => on_move(pre: on_move).
+ Set on_move => on_move, (pre: on_move). Speed: 6.000000000000003| Acceleration: 0.2
	x/y = 167.0 / 123.99999999999997

. try set on_move => on_move(pre: on_move).
+ Set on_move => on_move, (pre: on_move). Speed: 6.200000000000003| Acceleration: 0.2
	x/y = 173.0 / 123.99999999999997

. try set on_move => on_move(pre: on_move).
+ Set on_move => on_move, (pre: on_move). Speed: 6.400000000000003| Acceleration: 0.2
	x/y = 179.2 / 123.99999999999997

. try set on_move => on_move(pre: on_move).
+ Set on_move => on_move, (pre: on_move). Speed: 6.600000000000003| Acceleration: 0.2
	x/y = 185.6 / 123.99999999999997

. try set on_move => on_move(pre: on_move).
+ Set on_move => on_move, (pre: on_move). Speed: 6.800000000000003| Acceleration: 0.2
	x/y = 192.2 / 123.99999999999997

. try set on_move => on_move(pre: on_move).
+ Set on_move => on_move, (pre: on_move). Speed: 7.0000000000000036| Acceleration: 0.2
	x/y = 199.0 / 123.99999999999997

. try set on_move => on_move(pre: on_move).
+ Set on_move => on_move, (pre: on_move). Speed: 7.200000000000004| Acceleration: 0.2
	x/y = 206.0 / 123.99999999999997

. try set on_move => on_move(pre: on_move).
+ Set on_move => on_move, (pre: on_move). Speed: 7.400000000000004| Acceleration: 0.2
	x/y = 213.20000000000002 / 123.99999999999997

. try set on_move => on_move(pre: on_move).
+ Set on_move => on_move, (pre: on_move). Speed: 7.600000000000004| Acceleration: 0.2
	x/y = 220.60000000000002 / 123.99999999999997

. try set on_move => on_move(pre: on_move).
+ Set on_move => on_move, (pre: on_move). Speed: 7.800000000000004| Acceleration: 0.2
	x/y = 228.20000000000002 / 123.99999999999997

. try set on_move => on_move(pre: on_move).
+ Set on_move => on_move, (pre: on_move). Speed: 8| Acceleration: 0.2
	x/y = 236.00000000000003 / 123.99999999999997

. try set on_move => on_move(pre: on_move).
+ Set on_move => on_move, (pre: on_move). Speed: 8| Acceleration: 0.2
	x/y = 244.00000000000003 / 123.99999999999997

. try set on_move => on_move(pre: on_move).
+ Set on_move => on_move, (pre: on_move). Speed: 8| Acceleration: 0.2
	x/y = 252.00000000000003 / 123.99999999999997

. try set on_move => on_move(pre: on_move).
+ Set on_move => on_move, (pre: on_move). Speed: 8| Acceleration: 0.2
	x/y = 260.0 / 123.99999999999997

. try set on_move => on_move(pre: on_move).
+ Set on_move => on_move, (pre: on_move). Speed: 8| Acceleration: 0.2
	x/y = 268.0 / 123.99999999999997

. try set on_move => on_move(pre: on_move).
+ Set on_move => on_move, (pre: on_move). Speed: 8| Acceleration: 0.2
	x/y = 276.0 / 123.99999999999997

. try set on_move => on_move(pre: on_move).
+ Set on_move => on_move, (pre: on_move). Speed: 8| Acceleration: 0.2
	x/y = 284.0 / 123.99999999999997

. try set on_move => on_move(pre: on_move).
+ Set on_move => on_move, (pre: on_move). Speed: 8| Acceleration: 0.2
	x/y = 292.0 / 123.99999999999997

. try set on_move => on_move(pre: on_move).
+ Set on_move => on_move, (pre: on_move). Speed: 8| Acceleration: 0.2
	x/y = 300.0 / 123.99999999999997

. try set on_move => on_move(pre: on_move).
+ Set on_move => on_move, (pre: on_move). Speed: 8| Acceleration: 0.2
	x/y = 308.0 / 123.99999999999997

. try set on_move => on_move(pre: on_move).
+ Set on_move => on_move, (pre: on_move). Speed: 8| Acceleration: 0.2
	x/y = 316.0 / 123.99999999999997

. try set on_move => on_move(pre: on_move).
+ Set on_move => on_move, (pre: on_move). Speed: 8| Acceleration: 0.2
	x/y = 324.0 / 123.99999999999997

. try set on_move => on_move(pre: on_move).
+ Set on_move => on_move, (pre: on_move). Speed: 8| Acceleration: 0.2
	x/y = 332.0 / 123.99999999999997

. try set on_move => on_move(pre: on_move).
+ Set on_move => on_move, (pre: on_move). Speed: 8| Acceleration: 0.2
	x/y = 340.0 / 123.99999999999997

. try set on_move => on_move(pre: on_move).
+ Set on_move => on_move, (pre: on_move). Speed: 8| Acceleration: 0.2
	x/y = 348.0 / 123.99999999999997

. try set on_move => on_move(pre: on_move).
+ Set on_move => on_move, (pre: on_move). Speed: 8| Acceleration: 0.2
	x/y = 356.0 / 123.99999999999997

. try set on_move => on_move(pre: on_move).
+ Set on_move => on_move, (pre: on_move). Speed: 8| Acceleration: 0.2
	x/y = 364.0 / 123.99999999999997

. try set on_move => on_move(pre: on_move).
+ Set on_move => on_move, (pre: on_move). Speed: 8| Acceleration: 0.2
	x/y = 372.0 / 123.99999999999997

. try set on_move => on_move(pre: on_move).
+ Set on_move => on_move, (pre: on_move). Speed: 8| Acceleration: 0.2
	x/y = 380.0 / 123.99999999999997

. try set on_move => on_move(pre: on_move).
+ Set on_move => on_move, (pre: on_move). Speed: 8| Acceleration: 0.2
	x/y = 388.0 / 123.99999999999997

. try set on_move => on_move(pre: on_move).
+ Set on_move => on_move, (pre: on_move). Speed: 8| Acceleration: 0.2
	x/y = 396.0 / 123.99999999999997

. try set on_move => on_move(pre: on_move).
+ Set on_move => on_move, (pre: on_move). Speed: 8| Acceleration: 0.2
	x/y = 404.0 / 123.99999999999997

. try set on_move => on_move(pre: on_move).
+ Set on_move => on_move, (pre: on_move). Speed: 8| Acceleration: 0.2
	x/y = 412.0 / 123.99999999999997

. try set on_move => on_move(pre: on_move).
+ Set on_move => on_move, (pre: on_move). Speed: 8| Acceleration: 0.2
	x/y = 420.0 / 123.99999999999997

. try set on_move => on_move(pre: on_move).
+ Set on_move => on_move, (pre: on_move). Speed: 8| Acceleration: 0.2
	x/y = 428.0 / 123.99999999999997

. try set on_move => on_move(pre: on_move).
+ Set on_move => on_move, (pre: on_move). Speed: 8| Acceleration: 0.2
	x/y = 436.0 / 123.99999999999997

. try set on_move => on_move(pre: on_move).
+ Set on_move => on_move, (pre: on_move). Speed: 8| Acceleration: 0.2
	x/y = 444.0 / 123.99999999999997

. try set on_move => on_move(pre: on_move).
+ Set on_move => on_move, (pre: on_move). Speed: 8| Acceleration: 0.2
	x/y = 452.0 / 123.99999999999997

. try set on_move => on_move(pre: on_move).
+ Set on_move => on_move, (pre: on_move). Speed: 8| Acceleration: 0.2
	x/y = 460.0 / 123.99999999999997

. try set on_move => on_move(pre: on_move).
+ Set on_move => on_move, (pre: on_move). Speed: 8| Acceleration: 0.2
	x/y = 468.0 / 123.99999999999997

. try set on_move => on_move(pre: on_move).
+ Set on_move => on_move, (pre: on_move). Speed: 8| Acceleration: 0.2
	x/y = 476.0 / 123.99999999999997

. try set on_move => on_move(pre: on_move).
+ Set on_move => on_move, (pre: on_move). Speed: 8| Acceleration: 0.2
	x/y = 484.0 / 123.99999999999997

. try set on_move => on_move(pre: on_move).
+ Set on_move => on_move, (pre: on_move). Speed: 8| Acceleration: 0.2
	x/y = 492.0 / 123.99999999999997

. try set on_move => on_move(pre: on_move).
+ Set on_move => on_move, (pre: on_move). Speed: 8| Acceleration: 0.2
	x/y = 500.0 / 123.99999999999997

. try set on_move => on_move(pre: on_move).
+ Set on_move => on_move, (pre: on_move). Speed: 8| Acceleration: 0.2
	x/y = 508.0 / 123.99999999999997

. try set on_move => on_move(pre: on_move).
+ Set on_move => on_move, (pre: on_move). Speed: 8| Acceleration: 0.2
	x/y = 516.0 / 123.99999999999997

. try set on_move => on_move(pre: on_move).
+ Set on_move => on_move, (pre: on_move). Speed: 8| Acceleration: 0.2
	x/y = 524.0 / 123.99999999999997

. try set on_move => on_move(pre: on_move).
+ Set on_move => on_move, (pre: on_move). Speed: 8| Acceleration: 0.2
	x/y = 532.0 / 123.99999999999997

. try set on_move => on_move(pre: on_move).
+ Set on_move => on_move, (pre: on_move). Speed: 8| Acceleration: 0.2
	x/y = 540.0 / 123.99999999999997

. try set on_move => on_move(pre: on_move).
+ Set on_move => on_move, (pre: on_move). Speed: 8| Acceleration: 0.2
	x/y = 548.0 / 123.99999999999997

. try set on_move => on_move(pre: on_move).
+ Set on_move => on_move, (pre: on_move). Speed: 8| Acceleration: 0.2
	x/y = 556.0 / 123.99999999999997

. try set on_move => on_move(pre: on_move).
+ Set on_move => on_move, (pre: on_move). Speed: 8| Acceleration: 0.2
	x/y = 564.0 / 123.99999999999997

. try set on_move => on_move(pre: on_move).
+ Set on_move => on_move, (pre: on_move). Speed: 8| Acceleration: 0.2
	x/y = 572.0 / 123.99999999999997

. try set on_move => on_move(pre: on_move).
+ Set on_move => on_move, (pre: on_move). Speed: 8| Acceleration: 0.2
	x/y = 580.0 / 123.99999999999997

. try set on_move => on_move(pre: on_move).
+ Set on_move => on_move, (pre: on_move). Speed: 8| Acceleration: 0.2
	x/y = 588.0 / 123.99999999999997

. try set on_move => on_move(pre: on_move).
+ Set on_move => on_move, (pre: on_move). Speed: 8| Acceleration: 0.2
	x/y = 596.0 / 123.99999999999997

. try set on_move => on_move(pre: on_move).
+ Set on_move => on_move, (pre: on_move). Speed: 8| Acceleration: 0.2
	x/y = 604.0 / 123.99999999999997

. try set on_move => on_move(pre: on_move).
+ Set on_move => on_move, (pre: on_move). Speed: 8| Acceleration: 0.2
	x/y = 612.0 / 123.99999999999997

. try set on_move => on_move(pre: on_move).
+ Set on_move => on_move, (pre: on_move). Speed: 8| Acceleration: 0.2
	x/y = 620.0 / 123.99999999999997

. try set on_move => on_move(pre: on_move).
+ Set on_move => on_move, (pre: on_move). Speed: 8| Acceleration: 0.2
	x/y = 628.0 / 123.99999999999997

. try set on_move => on_move(pre: on_move).
+ Set on_move => on_move, (pre: on_move). Speed: 8| Acceleration: 0.2
	x/y = 636.0 / 123.99999999999997

. try set on_move => on_move(pre: on_move).
+ Set on_move => on_move, (pre: on_move). Speed: 8| Acceleration: 0.2
	x/y = 644.0 / 123.99999999999997

. try set on_move => on_move(pre: on_move).
+ Set on_move => on_move, (pre: on_move). Speed: 8| Acceleration: 0.2
	x/y = 652.0 / 123.99999999999997

. try set on_move => on_move(pre: on_move).
+ Set on_move => on_move, (pre: on_move). Speed: 8| Acceleration: 0.2
	x/y = 660.0 / 123.99999999999997

. try set on_move => on_move(pre: on_move).
+ Set on_move => on_move, (pre: on_move). Speed: 8| Acceleration: 0.2
	x/y = 668.0 / 123.99999999999997

. try set on_move => on_move(pre: on_move).
+ Set on_move => on_move, (pre: on_move). Speed: 8| Acceleration: 0.2
	x/y = 676.0 / 123.99999999999997

. try set on_move => on_move(pre: on_move).
+ Set on_move => on_move, (pre: on_move). Speed: 8| Acceleration: 0.2
	x/y = 684.0 / 123.99999999999997

. try set on_move => on_move(pre: on_move).
+ Set on_move => on_move, (pre: on_move). Speed: 8| Acceleration: 0.2
	x/y = 692.0 / 123.99999999999997

. try set on_move => on_move(pre: on_move).
+ Set on_move => on_move, (pre: on_move). Speed: 8| Acceleration: 0.2
	x/y = 700.0 / 123.99999999999997

. try set on_move => on_move(pre: on_move).
+ Set on_move => on_move, (pre: on_move). Speed: 8| Acceleration: 0.2
	x/y = 708.0 / 123.99999999999997

. try set on_move => on_move(pre: on_move).
+ Set on_move => on_move, (pre: on_move). Speed: 8| Acceleration: 0.2
	x/y = 716.0 / 123.99999999999997

. try set on_move => on_move(pre: on_move).
+ Set on_move => on_move, (pre: on_move). Speed: 8| Acceleration: 0.2
	x/y = 724.0 / 123.99999999999997

. try set on_move => on_move(pre: on_move).
+ Set on_move => on_move, (pre: on_move). Speed: 8| Acceleration: 0.2
	x/y = 732.0 / 123.99999999999997

. try set on_move => on_move(pre: on_move).
+ Set on_move => on_move, (pre: on_move). Speed: 8| Acceleration: 0.2
	x/y = 740.0 / 123.99999999999997

. try set on_move => on_move(pre: on_move).
+ Set on_move => on_move, (pre: on_move). Speed: 8| Acceleration: 0.2
	x/y = 748.0 / 123.99999999999997

. try set on_move => on_move(pre: on_move).
+ Set on_move => on_move, (pre: on_move). Speed: 8| Acceleration: 0.2
	x/y = 756.0 / 123.99999999999997

. try set on_move => on_move(pre: on_move).
+ Set on_move => on_move, (pre: on_move). Speed: 8| Acceleration: 0.2
	x/y = 764.0 / 123.99999999999997

. try set on_move => on_move(pre: on_move).
+ Set on_move => on_move, (pre: on_move). Speed: 8| Acceleration: 0.2
	x/y = 772.0 / 123.99999999999997

. try set on_move => on_move(pre: on_move).
+ Set on_move => on_move, (pre: on_move). Speed: 8| Acceleration: 0.2
	x/y = 780.0 / 123.99999999999997

>> Collision <<

ON_STOP & on_move, (pre: on_move)
. try set on_stop => on_move(pre: on_move).
+ Set on_stop => on_move, (pre: on_move). Speed: 0| Acceleration: 0
	x/y = 780 / 123.99999999999997
. try set on_stop => on_stop(pre: on_move).
+ Set on_stop => on_stop, (pre: on_move). Speed: 0| Acceleration: 0.05
	x/y = 780 / 123.99999999999997

ON_WAIT & on_stop, (pre: on_move)
. try set on_wait => on_stop(pre: on_move).
+ Set on_wait => on_stop, (pre: on_move). Speed: -0.05| Acceleration: 0.05
	x/y = 780 / 123.99999999999997

	Waiting for some actions!!!
	------------------------------

ON_RELAX & on_wait, (pre: on_stop)
. try set on_relax => on_wait(pre: on_stop).
+ Set on_relax => on_wait, (pre: on_stop). Speed: 0| Acceleration: 0
	x/y = 780 / 123.99999999999997
. try set on_relax => on_relax(pre: on_wait).
+ Set on_relax => on_relax, (pre: on_wait). Speed: 0| Acceleration: 0.01
	x/y = 780 / 123.99999999999997

ON_STOP & on_relax, (pre: on_wait)
. try set on_stop => on_relax(pre: on_wait).
+ Set on_stop => on_relax, (pre: on_wait). Speed: -0.01| Acceleration: 0.01
	x/y = 780 / 123.99999999999997
. try set on_stop => on_stop(pre: on_wait).
+ Set on_stop => on_stop, (pre: on_wait). Speed: 0| Acceleration: 0.05
	x/y = 780 / 123.99999999999997

ON_WAIT & on_stop, (pre: on_wait)
. try set on_wait => on_stop(pre: on_wait).
+ Set on_wait => on_stop, (pre: on_wait). Speed: -0.05| Acceleration: 0.05
	x/y = 780 / 123.99999999999997

	Waiting for some actions!!!
	------------------------------